[Feb 12 09:50:32] DEBUG (EventScheduler.java:78) - Scheduling an event: (1020.0, 0)
[Feb 12 09:50:33] INFO  (InterpssFlowDomainAgent.java:69) - initializing Interpss backend
[Feb 12 09:50:33] DEBUG (EventScheduler.java:78) - Scheduling an event: (1020.0, 1)
[Feb 12 09:50:33] INFO  (InterpssFlowDomainAgent.java:69) - initializing Interpss backend
[Feb 12 09:50:33] DEBUG (EventScheduler.java:78) - Scheduling an event: (1020.0, 2)
[Feb 12 09:50:33] DEBUG (Peer.java:178) - Starting the peer...
[Feb 12 09:50:33] DEBUG (DelayLossNetworkInterfaceFactory.java:65) - Created network interface: 0
[Feb 12 09:50:33] DEBUG (EventScheduler.java:78) - Scheduling an event: (2000.0, 3)
[Feb 12 09:50:33] DEBUG (Peer.java:178) - Starting the peer...
[Feb 12 09:50:33] DEBUG (DelayLossNetworkInterfaceFactory.java:65) - Created network interface: 1
[Feb 12 09:50:33] DEBUG (EventScheduler.java:78) - Scheduling an event: (2000.0, 4)
[Feb 12 09:50:33] DEBUG (MeasurementLogger.java:54) - measurement logging epochEndTimer fired: 1020.0
[Feb 12 09:50:33] DEBUG (EventScheduler.java:78) - Scheduling an event: (2020.0, 5)
[Feb 12 09:50:33] DEBUG (MeasurementLogger.java:54) - measurement logging epochEndTimer fired: 1020.0
[Feb 12 09:50:33] DEBUG (EventScheduler.java:78) - Scheduling an event: (2020.0, 6)
[Feb 12 09:50:33] DEBUG (MeasurementLogger.java:54) - measurement logging epochEndTimer fired: 1020.0
[Feb 12 09:50:33] DEBUG (EventScheduler.java:78) - Scheduling an event: (2020.0, 7)
[Feb 12 09:50:33] INFO  (SimulationAgentNew.java:153) - ### experiment-04 ###
[Feb 12 09:50:33] DEBUG (SimulationAgentNew.java:321) - Loaded sfinaParameters: {DOMAIN=POWER, BACKEND=MATPOWER}
[Feb 12 09:50:33] DEBUG (SimulationAgentNew.java:325) - Loaded backendParameters: {FLOW_TYPE=AC, TOLERANCE_PARAMETER=2.0}
[Feb 12 09:50:33] DEBUG (EventLoaderNew.java:75) - Loading event: [1, topology, link, 29, status, 0]
[Feb 12 09:50:33] DEBUG (EventScheduler.java:78) - Scheduling an event: (3000.0, 8)
[Feb 12 09:50:33] INFO  (SimulationAgentNew.java:153) - ### experiment-04 ###
[Feb 12 09:50:33] DEBUG (SimulationAgentNew.java:321) - Loaded sfinaParameters: {DOMAIN=POWER, BACKEND=MATPOWER}
[Feb 12 09:50:33] DEBUG (SimulationAgentNew.java:325) - Loaded backendParameters: {FLOW_TYPE=AC, TOLERANCE_PARAMETER=2.0}
[Feb 12 09:50:33] DEBUG (EventScheduler.java:78) - Scheduling an event: (3000.0, 9)
[Feb 12 09:50:33] DEBUG (MeasurementLogger.java:54) - measurement logging epochEndTimer fired: 2020.0
[Feb 12 09:50:33] DEBUG (EventScheduler.java:78) - Scheduling an event: (3020.0, 10)
[Feb 12 09:50:33] DEBUG (SimulationAgentNew.java:698) - ---> Measuring peer0
[Feb 12 09:50:33] DEBUG (MeasurementFileDumper.java:39) - Dumping an empty sublog
[Feb 12 09:50:33] DEBUG (MeasurementLogger.java:54) - measurement logging epochEndTimer fired: 2020.0
[Feb 12 09:50:33] DEBUG (EventScheduler.java:78) - Scheduling an event: (3020.0, 11)
[Feb 12 09:50:33] DEBUG (SimulationAgentNew.java:698) - ---> Measuring peer1
[Feb 12 09:50:33] DEBUG (MeasurementFileDumper.java:39) - Dumping an empty sublog
[Feb 12 09:50:33] DEBUG (MeasurementLogger.java:54) - measurement logging epochEndTimer fired: 2020.0
[Feb 12 09:50:33] DEBUG (EventScheduler.java:78) - Scheduling an event: (3020.0, 12)
[Feb 12 09:50:33] INFO  (InterdependentAgentNoEvents.java:172) - 

--------------> time_1 at peer0 <--------------
[Feb 12 09:50:34] INFO  (SimulationAgentNew.java:376) - loading data at time_1
[Feb 12 09:50:34] INFO  (InterdependentAgentNoEvents.java:191) - loading interdependent data at time_1
[Feb 12 09:50:34] DEBUG (InterdependentNetwork.java:93) - Interdependent network: Added FlowNetwork at address 0
[Feb 12 09:50:34] DEBUG (InterdependentAgentNoEvents.java:196) - ---- Interlinks ----
          StartNode           EndNode             
Link ID   ID        Address   ID        Address   Flow      
--------------------
[Feb 12 09:50:34] DEBUG (PowerExchangeAgent.java:844) - ---------------------- Updating capacity
[Feb 12 09:50:34] INFO  (InterpssFlowDomainAgent.java:75) - calculating loadflow in network with Interpss
[Feb 12 09:50:34] INFO  (SimulationAgentNew.java:422) - executing all events at time_1
[Feb 12 09:50:34] INFO  (InterdependentAgentNoEvents.java:293) - ..setting link 29 to activated = false
[Feb 12 09:50:34] DEBUG (PowerExchangeAgent.java:413) - print local_iteration 1
[Feb 12 09:50:34] INFO  (InterdependentAgentNoEvents.java:179) - 
----> Iteration 1 at peer 0 <----
[Feb 12 09:50:34] DEBUG (InterdependentAgentNoEvents.java:86) - Setting networkChanged = false
[Feb 12 09:50:34] INFO  (PowerExchangeAgent.java:421) - treating island with 30 nodes
[Feb 12 09:50:34] DEBUG (PowerExchangeAgent.java:222) - Updating non-converged island at peer 0
[Feb 12 09:50:34] INFO  (InterpssFlowDomainAgent.java:75) - calculating loadflow in network with Interpss
[Feb 12 09:50:34] INFO  (PowerExchangeAgent.java:513) - ....converged true
[Feb 12 09:50:34] INFO  (PowerExchangeAgent.java:635) - ....no generator limit violated
[Feb 12 09:50:34] INFO  (PowerExchangeAgent.java:734) - ..violating link 27 limit: 17.64108962509547 > -4.467651877858668
[Feb 12 09:50:34] INFO  (PowerExchangeAgent.java:734) - ..violating link 28 limit: -20.181546858038352 > -7.509594799182767
[Feb 12 09:50:34] DEBUG (InterdependentAgentNoEvents.java:86) - Setting networkChanged = true
[Feb 12 09:50:34] INFO  (SimulationAgentNew.java:397) - doing output at iteration 1
[Feb 12 09:50:34] INFO  (InterdependentAgentNoEvents.java:159) - ##### Sending status message from peer 0 to 1
[Feb 12 09:50:34] DEBUG (Peer.java:281) - Sending message, destination: 1 message: interdependent.StatusMessage(src=null)
[Feb 12 09:50:34] DEBUG (EventScheduler.java:78) - Scheduling an event: (3000.0, 13)
[Feb 12 09:50:34] DEBUG (EventScheduler.java:78) - Scheduling an event: (4000.0, 14)
[Feb 12 09:50:34] INFO  (InterdependentAgentNoEvents.java:172) - 

--------------> time_1 at peer1 <--------------
[Feb 12 09:50:34] INFO  (SimulationAgentNew.java:376) - loading data at time_1
[Feb 12 09:50:34] INFO  (InterdependentAgentNoEvents.java:191) - loading interdependent data at time_1
[Feb 12 09:50:34] DEBUG (InterdependentNetwork.java:93) - Interdependent network: Added FlowNetwork at address 1
[Feb 12 09:50:34] DEBUG (InterdependentAgentNoEvents.java:196) - ---- Interlinks ----
          StartNode           EndNode             
Link ID   ID        Address   ID        Address   Flow      
1         2         0         2         1         0.0       
--------------------
[Feb 12 09:50:34] DEBUG (PowerExchangeAgent.java:844) - ---------------------- Updating capacity
[Feb 12 09:50:34] INFO  (InterpssFlowDomainAgent.java:75) - calculating loadflow in network with Interpss
[Feb 12 09:50:34] INFO  (SimulationAgentNew.java:422) - executing all events at time_1
[Feb 12 09:50:34] DEBUG (PowerExchangeAgent.java:413) - print local_iteration 1
[Feb 12 09:50:34] INFO  (InterdependentAgentNoEvents.java:179) - 
----> Iteration 1 at peer 1 <----
[Feb 12 09:50:34] DEBUG (InterdependentAgentNoEvents.java:86) - Setting networkChanged = false
[Feb 12 09:50:34] INFO  (PowerExchangeAgent.java:421) - treating island with 39 nodes
[Feb 12 09:50:34] DEBUG (PowerExchangeAgent.java:222) - Updating non-converged island at peer 1
[Feb 12 09:50:34] INFO  (InterpssFlowDomainAgent.java:75) - calculating loadflow in network with Interpss
[Feb 12 09:50:34] INFO  (PowerExchangeAgent.java:513) - ....converged true
[Feb 12 09:50:34] INFO  (PowerExchangeAgent.java:633) - ....generator limit violated at node 31
[Feb 12 09:50:34] INFO  (InterpssFlowDomainAgent.java:75) - calculating loadflow in network with Interpss
[Feb 12 09:50:34] INFO  (PowerExchangeAgent.java:513) - ....converged true
[Feb 12 09:50:34] INFO  (PowerExchangeAgent.java:635) - ....no generator limit violated
[Feb 12 09:50:34] INFO  (PowerExchangeAgent.java:793) - ..violating node 36 limit: 1.0636 > 1.06
[Feb 12 09:50:34] INFO  (PowerExchangeAgent.java:808) - ..doing nothing to overloaded node.
[Feb 12 09:50:34] INFO  (SimulationAgentNew.java:397) - doing output at iteration 1
[Feb 12 09:50:34] INFO  (InterdependentAgentNoEvents.java:159) - ##### Sending status message from peer 1 to 0
[Feb 12 09:50:34] DEBUG (Peer.java:281) - Sending message, destination: 0 message: interdependent.StatusMessage(src=null)
[Feb 12 09:50:34] DEBUG (EventScheduler.java:78) - Scheduling an event: (3000.0, 15)
[Feb 12 09:50:34] DEBUG (EventScheduler.java:78) - Scheduling an event: (4000.0, 16)
[Feb 12 09:50:34] DEBUG (Peer.java:44) - Message received: interdependent.StatusMessage(src=0) source: 0 on interface: protopeer.network.delayloss.DelayLossNetworkInterface@528c868
[Feb 12 09:50:34] INFO  (InterdependentAgentNoEvents.java:92) - 
##### Incoming message at Peer 1 from Peer 0
[Feb 12 09:50:34] INFO  (InterdependentAgentNoEvents.java:105) - ## Status Message number 1
[Feb 12 09:50:34] INFO  (InterdependentAgentNoEvents.java:140) - ## Topology was not changed -> Doing nothing.
[Feb 12 09:50:34] INFO  (InterdependentAgentNoEvents.java:159) - ##### Sending status message from peer 1 to 0
[Feb 12 09:50:34] DEBUG (Peer.java:281) - Sending message, destination: 0 message: interdependent.StatusMessage(src=null)
[Feb 12 09:50:34] DEBUG (EventScheduler.java:78) - Scheduling an event: (3000.0, 17)
[Feb 12 09:50:34] DEBUG (Peer.java:30) - messageSent() call, message=interdependent.StatusMessage(src=0), remoteAddress=1
[Feb 12 09:50:34] DEBUG (Peer.java:44) - Message received: interdependent.StatusMessage(src=1) source: 1 on interface: protopeer.network.delayloss.DelayLossNetworkInterface@24ba9639
[Feb 12 09:50:34] INFO  (InterdependentAgentNoEvents.java:92) - 
##### Incoming message at Peer 0 from Peer 1
[Feb 12 09:50:34] INFO  (InterdependentAgentNoEvents.java:105) - ## Status Message number 1
[Feb 12 09:50:34] INFO  (InterdependentAgentNoEvents.java:130) - ## Topology was changed -> Executing events and calling runFlowAnalysis at peer 0
[Feb 12 09:50:34] INFO  (SimulationAgentNew.java:422) - executing all events at time_1
[Feb 12 09:50:34] INFO  (InterdependentAgentNoEvents.java:293) - ..setting link 27 to activated = false
[Feb 12 09:50:34] INFO  (InterdependentAgentNoEvents.java:304) - ..executing flow change event at LINK 27: CURRENT -> 0.0
[Feb 12 09:50:34] INFO  (InterdependentAgentNoEvents.java:304) - ..executing flow change event at LINK 27: POWER_FLOW_FROM_REAL -> 0.0
[Feb 12 09:50:34] INFO  (InterdependentAgentNoEvents.java:304) - ..executing flow change event at LINK 27: POWER_FLOW_FROM_REACTIVE -> 0.0
[Feb 12 09:50:34] INFO  (InterdependentAgentNoEvents.java:304) - ..executing flow change event at LINK 27: POWER_FLOW_TO_REAL -> 0.0
[Feb 12 09:50:34] INFO  (InterdependentAgentNoEvents.java:304) - ..executing flow change event at LINK 27: POWER_FLOW_TO_REACTIVE -> 0.0
[Feb 12 09:50:34] INFO  (InterdependentAgentNoEvents.java:293) - ..setting link 28 to activated = false
[Feb 12 09:50:34] INFO  (InterdependentAgentNoEvents.java:304) - ..executing flow change event at LINK 28: CURRENT -> 0.0
[Feb 12 09:50:34] INFO  (InterdependentAgentNoEvents.java:304) - ..executing flow change event at LINK 28: POWER_FLOW_FROM_REAL -> 0.0
[Feb 12 09:50:34] INFO  (InterdependentAgentNoEvents.java:304) - ..executing flow change event at LINK 28: POWER_FLOW_FROM_REACTIVE -> 0.0
[Feb 12 09:50:34] INFO  (InterdependentAgentNoEvents.java:304) - ..executing flow change event at LINK 28: POWER_FLOW_TO_REAL -> 0.0
[Feb 12 09:50:34] INFO  (InterdependentAgentNoEvents.java:304) - ..executing flow change event at LINK 28: POWER_FLOW_TO_REACTIVE -> 0.0
[Feb 12 09:50:34] DEBUG (PowerExchangeAgent.java:413) - print local_iteration 1
[Feb 12 09:50:34] INFO  (InterdependentAgentNoEvents.java:179) - 
----> Iteration 2 at peer 0 <----
[Feb 12 09:50:34] DEBUG (InterdependentAgentNoEvents.java:86) - Setting networkChanged = false
[Feb 12 09:50:34] INFO  (PowerExchangeAgent.java:421) - treating island with 29 nodes
[Feb 12 09:50:34] DEBUG (PowerExchangeAgent.java:222) - Updating non-converged island at peer 0
[Feb 12 09:50:34] DEBUG (PowerExchangeAgent.java:232) - contains interlink
[Feb 12 09:50:34] INFO  (InterpssFlowDomainAgent.java:75) - calculating loadflow in network with Interpss
[Feb 12 09:50:34] INFO  (PowerExchangeAgent.java:513) - ....converged true
[Feb 12 09:50:34] INFO  (PowerExchangeAgent.java:635) - ....no generator limit violated
[Feb 12 09:50:34] INFO  (PowerExchangeAgent.java:748) - ..violating link 15 limit: -7.465675652991803 > -3.3431240575351175
[Feb 12 09:50:34] INFO  (PowerExchangeAgent.java:748) - ..violating link 20 limit: -2.6217940066881456 > -1.6980924838742417
[Feb 12 09:50:34] INFO  (PowerExchangeAgent.java:748) - ..violating link 30 limit: -22.524577172628113 > -17.610611539161564
[Feb 12 09:50:34] INFO  (PowerExchangeAgent.java:748) - ..violating link 31 limit: 21.590977151628024 > -4.19514078591949
[Feb 12 09:50:34] INFO  (PowerExchangeAgent.java:748) - ..violating link 36 limit: -14.992107693383655 > -12.225990021404021
[Feb 12 09:50:34] INFO  (PowerExchangeAgent.java:748) - ..violating link 41 limit: -7.855608332761761 > -1.5408884663755273
[Feb 12 09:50:34] INFO  (PowerExchangeAgent.java:759) - cascade should be minimized
[Feb 12 09:51:21] INFO  (PowerExchangeAgent.java:256) - current island node demand given by: 0.0
[Feb 12 09:51:21] INFO  (PowerExchangeAgent.java:261) - slack yes
[Feb 12 09:51:21] INFO  (PowerExchangeAgent.java:256) - current island node demand given by: 21.7
[Feb 12 09:51:21] INFO  (PowerExchangeAgent.java:258) - current island node generation given by: -12723.477442682532
[Feb 12 09:51:21] INFO  (PowerExchangeAgent.java:256) - current island node demand given by: 2.4
[Feb 12 09:51:21] INFO  (PowerExchangeAgent.java:256) - current island node demand given by: 7.6
[Feb 12 09:51:21] INFO  (PowerExchangeAgent.java:256) - current island node demand given by: 0.0
[Feb 12 09:51:21] INFO  (PowerExchangeAgent.java:256) - current island node demand given by: 0.0
[Feb 12 09:51:21] INFO  (PowerExchangeAgent.java:256) - current island node demand given by: 22.8
[Feb 12 09:51:21] INFO  (PowerExchangeAgent.java:256) - current island node demand given by: 30.0
[Feb 12 09:51:21] INFO  (PowerExchangeAgent.java:256) - current island node demand given by: 0.0
[Feb 12 09:51:21] INFO  (PowerExchangeAgent.java:256) - current island node demand given by: 5.8
[Feb 12 09:51:21] INFO  (PowerExchangeAgent.java:256) - current island node demand given by: 0.0
[Feb 12 09:51:21] INFO  (PowerExchangeAgent.java:256) - current island node demand given by: 11.2
[Feb 12 09:51:21] INFO  (PowerExchangeAgent.java:256) - current island node demand given by: 0.0
[Feb 12 09:51:21] INFO  (PowerExchangeAgent.java:258) - current island node generation given by: 37.0
[Feb 12 09:51:21] INFO  (PowerExchangeAgent.java:256) - current island node demand given by: 6.2
[Feb 12 09:51:21] INFO  (PowerExchangeAgent.java:256) - current island node demand given by: 8.2
[Feb 12 09:51:21] INFO  (PowerExchangeAgent.java:256) - current island node demand given by: 3.5
[Feb 12 09:51:21] INFO  (PowerExchangeAgent.java:256) - current island node demand given by: 9.0
[Feb 12 09:51:21] INFO  (PowerExchangeAgent.java:256) - current island node demand given by: 3.2
[Feb 12 09:51:21] INFO  (PowerExchangeAgent.java:256) - current island node demand given by: 9.5
[Feb 12 09:51:21] INFO  (PowerExchangeAgent.java:256) - current island node demand given by: 2.2
[Feb 12 09:51:21] INFO  (PowerExchangeAgent.java:256) - current island node demand given by: 0.0
[Feb 12 09:51:21] INFO  (PowerExchangeAgent.java:258) - current island node generation given by: 21.59
[Feb 12 09:51:21] INFO  (PowerExchangeAgent.java:256) - current island node demand given by: 3.2
[Feb 12 09:51:21] INFO  (PowerExchangeAgent.java:258) - current island node generation given by: 19.2
[Feb 12 09:51:21] INFO  (PowerExchangeAgent.java:256) - current island node demand given by: 8.7
[Feb 12 09:51:21] INFO  (PowerExchangeAgent.java:256) - current island node demand given by: 0.0
[Feb 12 09:51:21] INFO  (PowerExchangeAgent.java:256) - current island node demand given by: 3.5
[Feb 12 09:51:21] INFO  (PowerExchangeAgent.java:256) - current island node demand given by: 0.0
[Feb 12 09:51:21] INFO  (PowerExchangeAgent.java:258) - current island node generation given by: 26.91
[Feb 12 09:51:21] INFO  (PowerExchangeAgent.java:256) - current island node demand given by: 0.0
[Feb 12 09:51:21] INFO  (PowerExchangeAgent.java:256) - current island node demand given by: 2.4
[Feb 12 09:51:21] INFO  (PowerExchangeAgent.java:256) - current island node demand given by: 10.6
[Feb 12 09:51:21] INFO  (PowerExchangeAgent.java:269) - ccr node demand given by: 0.0
[Feb 12 09:51:21] INFO  (PowerExchangeAgent.java:275) - slack yes
[Feb 12 09:51:21] INFO  (PowerExchangeAgent.java:269) - ccr node demand given by: 21.7
[Feb 12 09:51:21] INFO  (PowerExchangeAgent.java:271) - ccr node generation given by: -12723.477442682532
[Feb 12 09:51:21] INFO  (PowerExchangeAgent.java:269) - ccr node demand given by: 2.4
[Feb 12 09:51:21] INFO  (PowerExchangeAgent.java:269) - ccr node demand given by: 7.6
[Feb 12 09:51:21] INFO  (PowerExchangeAgent.java:269) - ccr node demand given by: 0.0
[Feb 12 09:51:21] INFO  (PowerExchangeAgent.java:269) - ccr node demand given by: 0.0
[Feb 12 09:51:21] INFO  (PowerExchangeAgent.java:269) - ccr node demand given by: 22.8
[Feb 12 09:51:21] INFO  (PowerExchangeAgent.java:269) - ccr node demand given by: 30.0
[Feb 12 09:51:21] INFO  (PowerExchangeAgent.java:269) - ccr node demand given by: 0.0
[Feb 12 09:51:21] INFO  (PowerExchangeAgent.java:269) - ccr node demand given by: 5.8
[Feb 12 09:51:21] INFO  (PowerExchangeAgent.java:269) - ccr node demand given by: 0.0
[Feb 12 09:51:21] INFO  (PowerExchangeAgent.java:269) - ccr node demand given by: 11.2
[Feb 12 09:51:21] INFO  (PowerExchangeAgent.java:269) - ccr node demand given by: 0.0
[Feb 12 09:51:21] INFO  (PowerExchangeAgent.java:271) - ccr node generation given by: 37.0
[Feb 12 09:51:21] INFO  (PowerExchangeAgent.java:269) - ccr node demand given by: 6.2
[Feb 12 09:51:21] INFO  (PowerExchangeAgent.java:269) - ccr node demand given by: 8.2
[Feb 12 09:51:21] INFO  (PowerExchangeAgent.java:269) - ccr node demand given by: 3.5
[Feb 12 09:51:21] INFO  (PowerExchangeAgent.java:269) - ccr node demand given by: 9.0
[Feb 12 09:51:21] INFO  (PowerExchangeAgent.java:269) - ccr node demand given by: 3.2
[Feb 12 09:51:21] INFO  (PowerExchangeAgent.java:269) - ccr node demand given by: 9.5
[Feb 12 09:51:21] INFO  (PowerExchangeAgent.java:269) - ccr node demand given by: 2.2
[Feb 12 09:51:21] INFO  (PowerExchangeAgent.java:269) - ccr node demand given by: 0.0
[Feb 12 09:51:21] INFO  (PowerExchangeAgent.java:271) - ccr node generation given by: 21.59
[Feb 12 09:51:21] INFO  (PowerExchangeAgent.java:269) - ccr node demand given by: 3.2
[Feb 12 09:51:21] INFO  (PowerExchangeAgent.java:271) - ccr node generation given by: 19.2
[Feb 12 09:51:21] INFO  (PowerExchangeAgent.java:269) - ccr node demand given by: 8.7
[Feb 12 09:51:21] INFO  (PowerExchangeAgent.java:269) - ccr node demand given by: 0.0
[Feb 12 09:51:21] INFO  (PowerExchangeAgent.java:269) - ccr node demand given by: 3.5
[Feb 12 09:51:21] INFO  (PowerExchangeAgent.java:269) - ccr node demand given by: 0.0
[Feb 12 09:51:21] INFO  (PowerExchangeAgent.java:271) - ccr node generation given by: 26.91
[Feb 12 09:51:21] INFO  (PowerExchangeAgent.java:269) - ccr node demand given by: 0.0
[Feb 12 09:51:21] INFO  (PowerExchangeAgent.java:269) - ccr node demand given by: 2.4
[Feb 12 09:51:21] INFO  (PowerExchangeAgent.java:269) - ccr node demand given by: 10.6
[Feb 12 09:51:21] INFO  (PowerExchangeAgent.java:288) - ______________________________________________________________this is crazy 60.0
[Feb 12 09:51:21] INFO  (InterpssFlowDomainAgent.java:75) - calculating loadflow in network with Interpss
[Feb 12 09:51:21] INFO  (PowerExchangeAgent.java:513) - ....converged true
[Feb 12 09:51:21] INFO  (PowerExchangeAgent.java:633) - ....generator limit violated at node 1
[Feb 12 09:51:21] INFO  (InterpssFlowDomainAgent.java:75) - calculating loadflow in network with Interpss
[Feb 12 09:51:21] INFO  (PowerExchangeAgent.java:513) - ....converged true
[Feb 12 09:51:21] INFO  (PowerExchangeAgent.java:633) - ....generator limit violated at node 2
[Feb 12 09:51:21] INFO  (InterpssFlowDomainAgent.java:75) - calculating loadflow in network with Interpss
[Feb 12 09:51:21] INFO  (PowerExchangeAgent.java:513) - ....converged false
[Feb 12 09:51:21] INFO  (PowerExchangeAgent.java:646) - ....Doing load shedding at iteration 0
[Feb 12 09:51:21] INFO  (InterpssFlowDomainAgent.java:75) - calculating loadflow in network with Interpss
[Feb 12 09:51:21] INFO  (InterpssFlowDomainAgent.java:75) - calculating loadflow in network with Interpss
[Feb 12 09:51:21] INFO  (PowerExchangeAgent.java:513) - ....converged true
[Feb 12 09:51:21] INFO  (PowerExchangeAgent.java:633) - ....generator limit violated at node 27
[Feb 12 09:51:21] INFO  (InterpssFlowDomainAgent.java:75) - calculating loadflow in network with Interpss
[Feb 12 09:51:21] INFO  (PowerExchangeAgent.java:513) - ....converged true
[Feb 12 09:51:21] INFO  (PowerExchangeAgent.java:633) - ....generator limit violated at node 23
[Feb 12 09:51:21] INFO  (InterpssFlowDomainAgent.java:75) - calculating loadflow in network with Interpss
[Feb 12 09:51:21] INFO  (PowerExchangeAgent.java:513) - ....converged true
[Feb 12 09:51:21] INFO  (PowerExchangeAgent.java:633) - ....generator limit violated at node 13
[Feb 12 09:51:21] INFO  (InterpssFlowDomainAgent.java:75) - calculating loadflow in network with Interpss
[Feb 12 09:51:21] INFO  (PowerExchangeAgent.java:513) - ....converged true
[Feb 12 09:51:21] INFO  (PowerExchangeAgent.java:635) - ....no generator limit violated
[Feb 12 09:51:21] INFO  (PowerExchangeAgent.java:734) - ..violating link 1 limit: 41.21698632744379 > 21.781145718769146
[Feb 12 09:51:21] INFO  (PowerExchangeAgent.java:734) - ..violating link 2 limit: 38.783013672651904 > 30.16646039498756
[Feb 12 09:51:21] INFO  (PowerExchangeAgent.java:734) - ..violating link 3 limit: 35.87790511176858 > 32.134668051224814
[Feb 12 09:51:21] INFO  (PowerExchangeAgent.java:734) - ..violating link 4 limit: 35.75016857061824 > 25.11306994560827
[Feb 12 09:51:21] INFO  (PowerExchangeAgent.java:734) - ..violating link 6 limit: 41.19135321086512 > 40.55018073965656
[Feb 12 09:51:21] INFO  (PowerExchangeAgent.java:734) - ..violating link 11 limit: 17.3949836777311 > 11.577916390548038
[Feb 12 09:51:21] INFO  (PowerExchangeAgent.java:734) - ..violating link 12 limit: 9.939990673545253 > 6.61595222880062
[Feb 12 09:51:21] INFO  (PowerExchangeAgent.java:734) - ..violating link 14 limit: 17.394983680829544 > 11.577916419682552
[Feb 12 09:51:21] INFO  (PowerExchangeAgent.java:734) - ..violating link 15 limit: 31.41558952822119 > -3.3431240575351175
[Feb 12 09:51:21] INFO  (PowerExchangeAgent.java:734) - ..violating link 24 limit: -9.324531958555935 > -7.3086350056806
[Feb 12 09:51:21] INFO  (PowerExchangeAgent.java:734) - ..violating link 26 limit: 10.255963844135007 > 6.7399416082914545
[Feb 12 09:51:21] INFO  (PowerExchangeAgent.java:734) - ..violating link 31 limit: 7.784823719010792 > -4.19514078591949
[Feb 12 09:51:21] INFO  (PowerExchangeAgent.java:734) - ..violating link 36 limit: 17.12497216657723 > -12.225990021404021
[Feb 12 09:51:21] INFO  (PowerExchangeAgent.java:734) - ..violating link 41 limit: 17.450574317284396 > -1.5408884663755273
[Feb 12 09:51:21] DEBUG (InterdependentAgentNoEvents.java:86) - Setting networkChanged = true
[Feb 12 09:51:21] INFO  (PowerExchangeAgent.java:334) - StateCharge is0.9279972819434287
[Feb 12 09:51:21] DEBUG (PowerExchangeAgent.java:347) - old = 20.615, new = 28.966975537490857
[Feb 12 09:51:21] DEBUG (PowerExchangeAgent.java:349) - Setting flow of interLink 1 to 8.351975537490858
[Feb 12 09:51:21] DEBUG (InterdependentAgentNoEvents.java:86) - Setting networkChanged = true
[Feb 12 09:51:21] INFO  (InterpssFlowDomainAgent.java:75) - calculating loadflow in network with Interpss
[Feb 12 09:51:21] INFO  (PowerExchangeAgent.java:513) - ....converged true
[Feb 12 09:51:21] INFO  (PowerExchangeAgent.java:635) - ....no generator limit violated
[Feb 12 09:51:21] INFO  (PowerExchangeAgent.java:734) - ..violating link 1 limit: 41.21698632744379 > 21.781145718769146
[Feb 12 09:51:21] INFO  (PowerExchangeAgent.java:734) - ..violating link 2 limit: 38.783013672651904 > 30.16646039498756
[Feb 12 09:51:21] INFO  (PowerExchangeAgent.java:734) - ..violating link 3 limit: 35.87790511176858 > 32.134668051224814
[Feb 12 09:51:21] INFO  (PowerExchangeAgent.java:734) - ..violating link 4 limit: 35.75016857061824 > 25.11306994560827
[Feb 12 09:51:21] INFO  (PowerExchangeAgent.java:734) - ..violating link 6 limit: 41.19135321086512 > 40.55018073965656
[Feb 12 09:51:21] INFO  (PowerExchangeAgent.java:734) - ..violating link 11 limit: 17.394983677731105 > 11.577916390548038
[Feb 12 09:51:21] INFO  (PowerExchangeAgent.java:734) - ..violating link 12 limit: 9.939990673545255 > 6.61595222880062
[Feb 12 09:51:21] INFO  (PowerExchangeAgent.java:734) - ..violating link 14 limit: 17.394983680829544 > 11.577916419682552
[Feb 12 09:51:21] INFO  (PowerExchangeAgent.java:734) - ..violating link 15 limit: 31.41558952822119 > -3.3431240575351175
[Feb 12 09:51:21] INFO  (PowerExchangeAgent.java:734) - ..violating link 24 limit: -9.324531958555935 > -7.3086350056806
[Feb 12 09:51:21] INFO  (PowerExchangeAgent.java:734) - ..violating link 26 limit: 10.255963844135007 > 6.7399416082914545
[Feb 12 09:51:21] INFO  (PowerExchangeAgent.java:734) - ..violating link 31 limit: 7.784823719010792 > -4.19514078591949
[Feb 12 09:51:21] INFO  (PowerExchangeAgent.java:734) - ..violating link 36 limit: 17.12497216657723 > -12.225990021404021
[Feb 12 09:51:21] INFO  (PowerExchangeAgent.java:734) - ..violating link 41 limit: 17.450574317284396 > -1.5408884663755273
[Feb 12 09:51:21] DEBUG (InterdependentAgentNoEvents.java:86) - Setting networkChanged = true
[Feb 12 09:51:21] INFO  (PowerExchangeAgent.java:421) - treating island with 1 nodes
[Feb 12 09:51:21] DEBUG (PowerExchangeAgent.java:222) - Updating non-converged island at peer 0
[Feb 12 09:51:21] INFO  (PowerExchangeAgent.java:490) - ....not enough nodes
[Feb 12 09:51:21] INFO  (PowerExchangeAgent.java:679) - size of non-converged is 1
[Feb 12 09:51:21] INFO  (SimulationAgentNew.java:397) - doing output at iteration 2
[Feb 12 09:51:21] INFO  (InterdependentAgentNoEvents.java:159) - ##### Sending status message from peer 0 to 1
[Feb 12 09:51:21] DEBUG (Peer.java:281) - Sending message, destination: 1 message: interdependent.StatusMessage(src=null)
[Feb 12 09:51:21] DEBUG (EventScheduler.java:78) - Scheduling an event: (3000.0, 18)
[Feb 12 09:51:21] DEBUG (Peer.java:30) - messageSent() call, message=interdependent.StatusMessage(src=1), remoteAddress=0
[Feb 12 09:51:21] DEBUG (Peer.java:44) - Message received: interdependent.StatusMessage(src=1) source: 1 on interface: protopeer.network.delayloss.DelayLossNetworkInterface@24ba9639
[Feb 12 09:51:21] INFO  (InterdependentAgentNoEvents.java:92) - 
##### Incoming message at Peer 0 from Peer 1
[Feb 12 09:51:21] INFO  (InterdependentAgentNoEvents.java:105) - ## Status Message number 1
[Feb 12 09:51:21] INFO  (InterdependentAgentNoEvents.java:130) - ## Topology was changed -> Executing events and calling runFlowAnalysis at peer 0
[Feb 12 09:51:21] INFO  (SimulationAgentNew.java:422) - executing all events at time_1
[Feb 12 09:51:21] INFO  (InterdependentAgentNoEvents.java:293) - ..setting link 1 to activated = false
[Feb 12 09:51:21] INFO  (InterdependentAgentNoEvents.java:304) - ..executing flow change event at LINK 1: CURRENT -> 0.0
[Feb 12 09:51:21] INFO  (InterdependentAgentNoEvents.java:304) - ..executing flow change event at LINK 1: POWER_FLOW_FROM_REAL -> 0.0
[Feb 12 09:51:21] INFO  (InterdependentAgentNoEvents.java:304) - ..executing flow change event at LINK 1: POWER_FLOW_FROM_REACTIVE -> 0.0
[Feb 12 09:51:21] INFO  (InterdependentAgentNoEvents.java:304) - ..executing flow change event at LINK 1: POWER_FLOW_TO_REAL -> 0.0
[Feb 12 09:51:21] INFO  (InterdependentAgentNoEvents.java:304) - ..executing flow change event at LINK 1: POWER_FLOW_TO_REACTIVE -> 0.0
[Feb 12 09:51:21] INFO  (InterdependentAgentNoEvents.java:293) - ..setting link 2 to activated = false
[Feb 12 09:51:21] INFO  (InterdependentAgentNoEvents.java:304) - ..executing flow change event at LINK 2: CURRENT -> 0.0
[Feb 12 09:51:21] INFO  (InterdependentAgentNoEvents.java:304) - ..executing flow change event at LINK 2: POWER_FLOW_FROM_REAL -> 0.0
[Feb 12 09:51:21] INFO  (InterdependentAgentNoEvents.java:304) - ..executing flow change event at LINK 2: POWER_FLOW_FROM_REACTIVE -> 0.0
[Feb 12 09:51:21] INFO  (InterdependentAgentNoEvents.java:304) - ..executing flow change event at LINK 2: POWER_FLOW_TO_REAL -> 0.0
[Feb 12 09:51:21] INFO  (InterdependentAgentNoEvents.java:304) - ..executing flow change event at LINK 2: POWER_FLOW_TO_REACTIVE -> 0.0
[Feb 12 09:51:21] INFO  (InterdependentAgentNoEvents.java:293) - ..setting link 3 to activated = false
[Feb 12 09:51:21] INFO  (InterdependentAgentNoEvents.java:304) - ..executing flow change event at LINK 3: CURRENT -> 0.0
[Feb 12 09:51:21] INFO  (InterdependentAgentNoEvents.java:304) - ..executing flow change event at LINK 3: POWER_FLOW_FROM_REAL -> 0.0
[Feb 12 09:51:21] INFO  (InterdependentAgentNoEvents.java:304) - ..executing flow change event at LINK 3: POWER_FLOW_FROM_REACTIVE -> 0.0
[Feb 12 09:51:21] INFO  (InterdependentAgentNoEvents.java:304) - ..executing flow change event at LINK 3: POWER_FLOW_TO_REAL -> 0.0
[Feb 12 09:51:21] INFO  (InterdependentAgentNoEvents.java:304) - ..executing flow change event at LINK 3: POWER_FLOW_TO_REACTIVE -> 0.0
[Feb 12 09:51:21] INFO  (InterdependentAgentNoEvents.java:293) - ..setting link 4 to activated = false
[Feb 12 09:51:21] INFO  (InterdependentAgentNoEvents.java:304) - ..executing flow change event at LINK 4: CURRENT -> 0.0
[Feb 12 09:51:21] INFO  (InterdependentAgentNoEvents.java:304) - ..executing flow change event at LINK 4: POWER_FLOW_FROM_REAL -> 0.0
[Feb 12 09:51:21] INFO  (InterdependentAgentNoEvents.java:304) - ..executing flow change event at LINK 4: POWER_FLOW_FROM_REACTIVE -> 0.0
[Feb 12 09:51:21] INFO  (InterdependentAgentNoEvents.java:304) - ..executing flow change event at LINK 4: POWER_FLOW_TO_REAL -> 0.0
[Feb 12 09:51:21] INFO  (InterdependentAgentNoEvents.java:304) - ..executing flow change event at LINK 4: POWER_FLOW_TO_REACTIVE -> 0.0
[Feb 12 09:51:21] INFO  (InterdependentAgentNoEvents.java:293) - ..setting link 6 to activated = false
[Feb 12 09:51:21] INFO  (InterdependentAgentNoEvents.java:304) - ..executing flow change event at LINK 6: CURRENT -> 0.0
[Feb 12 09:51:21] INFO  (InterdependentAgentNoEvents.java:304) - ..executing flow change event at LINK 6: POWER_FLOW_FROM_REAL -> 0.0
[Feb 12 09:51:21] INFO  (InterdependentAgentNoEvents.java:304) - ..executing flow change event at LINK 6: POWER_FLOW_FROM_REACTIVE -> 0.0
[Feb 12 09:51:21] INFO  (InterdependentAgentNoEvents.java:304) - ..executing flow change event at LINK 6: POWER_FLOW_TO_REAL -> 0.0
[Feb 12 09:51:21] INFO  (InterdependentAgentNoEvents.java:304) - ..executing flow change event at LINK 6: POWER_FLOW_TO_REACTIVE -> 0.0
[Feb 12 09:51:21] INFO  (InterdependentAgentNoEvents.java:293) - ..setting link 11 to activated = false
[Feb 12 09:51:21] INFO  (InterdependentAgentNoEvents.java:304) - ..executing flow change event at LINK 11: CURRENT -> 0.0
[Feb 12 09:51:21] INFO  (InterdependentAgentNoEvents.java:304) - ..executing flow change event at LINK 11: POWER_FLOW_FROM_REAL -> 0.0
[Feb 12 09:51:21] INFO  (InterdependentAgentNoEvents.java:304) - ..executing flow change event at LINK 11: POWER_FLOW_FROM_REACTIVE -> 0.0
[Feb 12 09:51:21] INFO  (InterdependentAgentNoEvents.java:304) - ..executing flow change event at LINK 11: POWER_FLOW_TO_REAL -> 0.0
[Feb 12 09:51:21] INFO  (InterdependentAgentNoEvents.java:304) - ..executing flow change event at LINK 11: POWER_FLOW_TO_REACTIVE -> 0.0
[Feb 12 09:51:21] INFO  (InterdependentAgentNoEvents.java:293) - ..setting link 12 to activated = false
[Feb 12 09:51:21] INFO  (InterdependentAgentNoEvents.java:304) - ..executing flow change event at LINK 12: CURRENT -> 0.0
[Feb 12 09:51:21] INFO  (InterdependentAgentNoEvents.java:304) - ..executing flow change event at LINK 12: POWER_FLOW_FROM_REAL -> 0.0
[Feb 12 09:51:21] INFO  (InterdependentAgentNoEvents.java:304) - ..executing flow change event at LINK 12: POWER_FLOW_FROM_REACTIVE -> 0.0
[Feb 12 09:51:21] INFO  (InterdependentAgentNoEvents.java:304) - ..executing flow change event at LINK 12: POWER_FLOW_TO_REAL -> 0.0
[Feb 12 09:51:21] INFO  (InterdependentAgentNoEvents.java:304) - ..executing flow change event at LINK 12: POWER_FLOW_TO_REACTIVE -> 0.0
[Feb 12 09:51:21] INFO  (InterdependentAgentNoEvents.java:293) - ..setting link 14 to activated = false
[Feb 12 09:51:21] INFO  (InterdependentAgentNoEvents.java:304) - ..executing flow change event at LINK 14: CURRENT -> 0.0
[Feb 12 09:51:21] INFO  (InterdependentAgentNoEvents.java:304) - ..executing flow change event at LINK 14: POWER_FLOW_FROM_REAL -> 0.0
[Feb 12 09:51:21] INFO  (InterdependentAgentNoEvents.java:304) - ..executing flow change event at LINK 14: POWER_FLOW_FROM_REACTIVE -> 0.0
[Feb 12 09:51:21] INFO  (InterdependentAgentNoEvents.java:304) - ..executing flow change event at LINK 14: POWER_FLOW_TO_REAL -> 0.0
[Feb 12 09:51:21] INFO  (InterdependentAgentNoEvents.java:304) - ..executing flow change event at LINK 14: POWER_FLOW_TO_REACTIVE -> 0.0
[Feb 12 09:51:21] INFO  (InterdependentAgentNoEvents.java:293) - ..setting link 15 to activated = false
[Feb 12 09:51:21] INFO  (InterdependentAgentNoEvents.java:304) - ..executing flow change event at LINK 15: CURRENT -> 0.0
[Feb 12 09:51:21] INFO  (InterdependentAgentNoEvents.java:304) - ..executing flow change event at LINK 15: POWER_FLOW_FROM_REAL -> 0.0
[Feb 12 09:51:21] INFO  (InterdependentAgentNoEvents.java:304) - ..executing flow change event at LINK 15: POWER_FLOW_FROM_REACTIVE -> 0.0
[Feb 12 09:51:21] INFO  (InterdependentAgentNoEvents.java:304) - ..executing flow change event at LINK 15: POWER_FLOW_TO_REAL -> 0.0
[Feb 12 09:51:21] INFO  (InterdependentAgentNoEvents.java:304) - ..executing flow change event at LINK 15: POWER_FLOW_TO_REACTIVE -> 0.0
[Feb 12 09:51:21] INFO  (InterdependentAgentNoEvents.java:293) - ..setting link 24 to activated = false
[Feb 12 09:51:21] INFO  (InterdependentAgentNoEvents.java:304) - ..executing flow change event at LINK 24: CURRENT -> 0.0
[Feb 12 09:51:21] INFO  (InterdependentAgentNoEvents.java:304) - ..executing flow change event at LINK 24: POWER_FLOW_FROM_REAL -> 0.0
[Feb 12 09:51:21] INFO  (InterdependentAgentNoEvents.java:304) - ..executing flow change event at LINK 24: POWER_FLOW_FROM_REACTIVE -> 0.0
[Feb 12 09:51:21] INFO  (InterdependentAgentNoEvents.java:304) - ..executing flow change event at LINK 24: POWER_FLOW_TO_REAL -> 0.0
[Feb 12 09:51:21] INFO  (InterdependentAgentNoEvents.java:304) - ..executing flow change event at LINK 24: POWER_FLOW_TO_REACTIVE -> 0.0
[Feb 12 09:51:21] INFO  (InterdependentAgentNoEvents.java:293) - ..setting link 26 to activated = false
[Feb 12 09:51:21] INFO  (InterdependentAgentNoEvents.java:304) - ..executing flow change event at LINK 26: CURRENT -> 0.0
[Feb 12 09:51:21] INFO  (InterdependentAgentNoEvents.java:304) - ..executing flow change event at LINK 26: POWER_FLOW_FROM_REAL -> 0.0
[Feb 12 09:51:21] INFO  (InterdependentAgentNoEvents.java:304) - ..executing flow change event at LINK 26: POWER_FLOW_FROM_REACTIVE -> 0.0
[Feb 12 09:51:21] INFO  (InterdependentAgentNoEvents.java:304) - ..executing flow change event at LINK 26: POWER_FLOW_TO_REAL -> 0.0
[Feb 12 09:51:21] INFO  (InterdependentAgentNoEvents.java:304) - ..executing flow change event at LINK 26: POWER_FLOW_TO_REACTIVE -> 0.0
[Feb 12 09:51:21] INFO  (InterdependentAgentNoEvents.java:293) - ..setting link 31 to activated = false
[Feb 12 09:51:21] INFO  (InterdependentAgentNoEvents.java:304) - ..executing flow change event at LINK 31: CURRENT -> 0.0
[Feb 12 09:51:21] INFO  (InterdependentAgentNoEvents.java:304) - ..executing flow change event at LINK 31: POWER_FLOW_FROM_REAL -> 0.0
[Feb 12 09:51:21] INFO  (InterdependentAgentNoEvents.java:304) - ..executing flow change event at LINK 31: POWER_FLOW_FROM_REACTIVE -> 0.0
[Feb 12 09:51:21] INFO  (InterdependentAgentNoEvents.java:304) - ..executing flow change event at LINK 31: POWER_FLOW_TO_REAL -> 0.0
[Feb 12 09:51:21] INFO  (InterdependentAgentNoEvents.java:304) - ..executing flow change event at LINK 31: POWER_FLOW_TO_REACTIVE -> 0.0
[Feb 12 09:51:21] INFO  (InterdependentAgentNoEvents.java:293) - ..setting link 36 to activated = false
[Feb 12 09:51:21] INFO  (InterdependentAgentNoEvents.java:304) - ..executing flow change event at LINK 36: CURRENT -> 0.0
[Feb 12 09:51:21] INFO  (InterdependentAgentNoEvents.java:304) - ..executing flow change event at LINK 36: POWER_FLOW_FROM_REAL -> 0.0
[Feb 12 09:51:21] INFO  (InterdependentAgentNoEvents.java:304) - ..executing flow change event at LINK 36: POWER_FLOW_FROM_REACTIVE -> 0.0
[Feb 12 09:51:21] INFO  (InterdependentAgentNoEvents.java:304) - ..executing flow change event at LINK 36: POWER_FLOW_TO_REAL -> 0.0
[Feb 12 09:51:21] INFO  (InterdependentAgentNoEvents.java:304) - ..executing flow change event at LINK 36: POWER_FLOW_TO_REACTIVE -> 0.0
[Feb 12 09:51:21] INFO  (InterdependentAgentNoEvents.java:293) - ..setting link 41 to activated = false
[Feb 12 09:51:21] INFO  (InterdependentAgentNoEvents.java:304) - ..executing flow change event at LINK 41: CURRENT -> 0.0
[Feb 12 09:51:21] INFO  (InterdependentAgentNoEvents.java:304) - ..executing flow change event at LINK 41: POWER_FLOW_FROM_REAL -> 0.0
[Feb 12 09:51:21] INFO  (InterdependentAgentNoEvents.java:304) - ..executing flow change event at LINK 41: POWER_FLOW_FROM_REACTIVE -> 0.0
[Feb 12 09:51:21] INFO  (InterdependentAgentNoEvents.java:304) - ..executing flow change event at LINK 41: POWER_FLOW_TO_REAL -> 0.0
[Feb 12 09:51:21] INFO  (InterdependentAgentNoEvents.java:304) - ..executing flow change event at LINK 41: POWER_FLOW_TO_REACTIVE -> 0.0
[Feb 12 09:51:21] INFO  (InterdependentAgentNoEvents.java:304) - ..executing flow change event at NODE 2: POWER_DEMAND_REAL -> 28.966975537490857
[Feb 12 09:51:21] DEBUG (InterdependentAgentNoEvents.java:291) - Link status same, not changed by event.
[Feb 12 09:51:21] INFO  (InterdependentAgentNoEvents.java:293) - ..setting link 1 to activated = false
[Feb 12 09:51:21] INFO  (InterdependentAgentNoEvents.java:304) - ..executing flow change event at LINK 1: CURRENT -> 0.0
[Feb 12 09:51:21] INFO  (InterdependentAgentNoEvents.java:304) - ..executing flow change event at LINK 1: POWER_FLOW_FROM_REAL -> 0.0
[Feb 12 09:51:21] INFO  (InterdependentAgentNoEvents.java:304) - ..executing flow change event at LINK 1: POWER_FLOW_FROM_REACTIVE -> 0.0
[Feb 12 09:51:21] INFO  (InterdependentAgentNoEvents.java:304) - ..executing flow change event at LINK 1: POWER_FLOW_TO_REAL -> 0.0
[Feb 12 09:51:21] INFO  (InterdependentAgentNoEvents.java:304) - ..executing flow change event at LINK 1: POWER_FLOW_TO_REACTIVE -> 0.0
[Feb 12 09:51:21] DEBUG (InterdependentAgentNoEvents.java:291) - Link status same, not changed by event.
[Feb 12 09:51:21] INFO  (InterdependentAgentNoEvents.java:293) - ..setting link 2 to activated = false
[Feb 12 09:51:21] INFO  (InterdependentAgentNoEvents.java:304) - ..executing flow change event at LINK 2: CURRENT -> 0.0
[Feb 12 09:51:21] INFO  (InterdependentAgentNoEvents.java:304) - ..executing flow change event at LINK 2: POWER_FLOW_FROM_REAL -> 0.0
[Feb 12 09:51:21] INFO  (InterdependentAgentNoEvents.java:304) - ..executing flow change event at LINK 2: POWER_FLOW_FROM_REACTIVE -> 0.0
[Feb 12 09:51:21] INFO  (InterdependentAgentNoEvents.java:304) - ..executing flow change event at LINK 2: POWER_FLOW_TO_REAL -> 0.0
[Feb 12 09:51:21] INFO  (InterdependentAgentNoEvents.java:304) - ..executing flow change event at LINK 2: POWER_FLOW_TO_REACTIVE -> 0.0
[Feb 12 09:51:21] DEBUG (InterdependentAgentNoEvents.java:291) - Link status same, not changed by event.
[Feb 12 09:51:21] INFO  (InterdependentAgentNoEvents.java:293) - ..setting link 3 to activated = false
[Feb 12 09:51:21] INFO  (InterdependentAgentNoEvents.java:304) - ..executing flow change event at LINK 3: CURRENT -> 0.0
[Feb 12 09:51:21] INFO  (InterdependentAgentNoEvents.java:304) - ..executing flow change event at LINK 3: POWER_FLOW_FROM_REAL -> 0.0
[Feb 12 09:51:21] INFO  (InterdependentAgentNoEvents.java:304) - ..executing flow change event at LINK 3: POWER_FLOW_FROM_REACTIVE -> 0.0
[Feb 12 09:51:21] INFO  (InterdependentAgentNoEvents.java:304) - ..executing flow change event at LINK 3: POWER_FLOW_TO_REAL -> 0.0
[Feb 12 09:51:21] INFO  (InterdependentAgentNoEvents.java:304) - ..executing flow change event at LINK 3: POWER_FLOW_TO_REACTIVE -> 0.0
[Feb 12 09:51:21] DEBUG (InterdependentAgentNoEvents.java:291) - Link status same, not changed by event.
[Feb 12 09:51:21] INFO  (InterdependentAgentNoEvents.java:293) - ..setting link 4 to activated = false
[Feb 12 09:51:21] INFO  (InterdependentAgentNoEvents.java:304) - ..executing flow change event at LINK 4: CURRENT -> 0.0
[Feb 12 09:51:21] INFO  (InterdependentAgentNoEvents.java:304) - ..executing flow change event at LINK 4: POWER_FLOW_FROM_REAL -> 0.0
[Feb 12 09:51:21] INFO  (InterdependentAgentNoEvents.java:304) - ..executing flow change event at LINK 4: POWER_FLOW_FROM_REACTIVE -> 0.0
[Feb 12 09:51:21] INFO  (InterdependentAgentNoEvents.java:304) - ..executing flow change event at LINK 4: POWER_FLOW_TO_REAL -> 0.0
[Feb 12 09:51:21] INFO  (InterdependentAgentNoEvents.java:304) - ..executing flow change event at LINK 4: POWER_FLOW_TO_REACTIVE -> 0.0
[Feb 12 09:51:21] DEBUG (InterdependentAgentNoEvents.java:291) - Link status same, not changed by event.
[Feb 12 09:51:21] INFO  (InterdependentAgentNoEvents.java:293) - ..setting link 6 to activated = false
[Feb 12 09:51:21] INFO  (InterdependentAgentNoEvents.java:304) - ..executing flow change event at LINK 6: CURRENT -> 0.0
[Feb 12 09:51:21] INFO  (InterdependentAgentNoEvents.java:304) - ..executing flow change event at LINK 6: POWER_FLOW_FROM_REAL -> 0.0
[Feb 12 09:51:21] INFO  (InterdependentAgentNoEvents.java:304) - ..executing flow change event at LINK 6: POWER_FLOW_FROM_REACTIVE -> 0.0
[Feb 12 09:51:21] INFO  (InterdependentAgentNoEvents.java:304) - ..executing flow change event at LINK 6: POWER_FLOW_TO_REAL -> 0.0
[Feb 12 09:51:21] INFO  (InterdependentAgentNoEvents.java:304) - ..executing flow change event at LINK 6: POWER_FLOW_TO_REACTIVE -> 0.0
[Feb 12 09:51:21] DEBUG (InterdependentAgentNoEvents.java:291) - Link status same, not changed by event.
[Feb 12 09:51:21] INFO  (InterdependentAgentNoEvents.java:293) - ..setting link 11 to activated = false
[Feb 12 09:51:21] INFO  (InterdependentAgentNoEvents.java:304) - ..executing flow change event at LINK 11: CURRENT -> 0.0
[Feb 12 09:51:21] INFO  (InterdependentAgentNoEvents.java:304) - ..executing flow change event at LINK 11: POWER_FLOW_FROM_REAL -> 0.0
[Feb 12 09:51:21] INFO  (InterdependentAgentNoEvents.java:304) - ..executing flow change event at LINK 11: POWER_FLOW_FROM_REACTIVE -> 0.0
[Feb 12 09:51:21] INFO  (InterdependentAgentNoEvents.java:304) - ..executing flow change event at LINK 11: POWER_FLOW_TO_REAL -> 0.0
[Feb 12 09:51:21] INFO  (InterdependentAgentNoEvents.java:304) - ..executing flow change event at LINK 11: POWER_FLOW_TO_REACTIVE -> 0.0
[Feb 12 09:51:22] DEBUG (InterdependentAgentNoEvents.java:291) - Link status same, not changed by event.
[Feb 12 09:51:22] INFO  (InterdependentAgentNoEvents.java:293) - ..setting link 12 to activated = false
[Feb 12 09:51:22] INFO  (InterdependentAgentNoEvents.java:304) - ..executing flow change event at LINK 12: CURRENT -> 0.0
[Feb 12 09:51:22] INFO  (InterdependentAgentNoEvents.java:304) - ..executing flow change event at LINK 12: POWER_FLOW_FROM_REAL -> 0.0
[Feb 12 09:51:22] INFO  (InterdependentAgentNoEvents.java:304) - ..executing flow change event at LINK 12: POWER_FLOW_FROM_REACTIVE -> 0.0
[Feb 12 09:51:22] INFO  (InterdependentAgentNoEvents.java:304) - ..executing flow change event at LINK 12: POWER_FLOW_TO_REAL -> 0.0
[Feb 12 09:51:22] INFO  (InterdependentAgentNoEvents.java:304) - ..executing flow change event at LINK 12: POWER_FLOW_TO_REACTIVE -> 0.0
[Feb 12 09:51:22] DEBUG (InterdependentAgentNoEvents.java:291) - Link status same, not changed by event.
[Feb 12 09:51:22] INFO  (InterdependentAgentNoEvents.java:293) - ..setting link 14 to activated = false
[Feb 12 09:51:22] INFO  (InterdependentAgentNoEvents.java:304) - ..executing flow change event at LINK 14: CURRENT -> 0.0
[Feb 12 09:51:22] INFO  (InterdependentAgentNoEvents.java:304) - ..executing flow change event at LINK 14: POWER_FLOW_FROM_REAL -> 0.0
[Feb 12 09:51:22] INFO  (InterdependentAgentNoEvents.java:304) - ..executing flow change event at LINK 14: POWER_FLOW_FROM_REACTIVE -> 0.0
[Feb 12 09:51:22] INFO  (InterdependentAgentNoEvents.java:304) - ..executing flow change event at LINK 14: POWER_FLOW_TO_REAL -> 0.0
[Feb 12 09:51:22] INFO  (InterdependentAgentNoEvents.java:304) - ..executing flow change event at LINK 14: POWER_FLOW_TO_REACTIVE -> 0.0
[Feb 12 09:51:22] DEBUG (InterdependentAgentNoEvents.java:291) - Link status same, not changed by event.
[Feb 12 09:51:22] INFO  (InterdependentAgentNoEvents.java:293) - ..setting link 15 to activated = false
[Feb 12 09:51:22] INFO  (InterdependentAgentNoEvents.java:304) - ..executing flow change event at LINK 15: CURRENT -> 0.0
[Feb 12 09:51:22] INFO  (InterdependentAgentNoEvents.java:304) - ..executing flow change event at LINK 15: POWER_FLOW_FROM_REAL -> 0.0
[Feb 12 09:51:22] INFO  (InterdependentAgentNoEvents.java:304) - ..executing flow change event at LINK 15: POWER_FLOW_FROM_REACTIVE -> 0.0
[Feb 12 09:51:22] INFO  (InterdependentAgentNoEvents.java:304) - ..executing flow change event at LINK 15: POWER_FLOW_TO_REAL -> 0.0
[Feb 12 09:51:22] INFO  (InterdependentAgentNoEvents.java:304) - ..executing flow change event at LINK 15: POWER_FLOW_TO_REACTIVE -> 0.0
[Feb 12 09:51:22] DEBUG (InterdependentAgentNoEvents.java:291) - Link status same, not changed by event.
[Feb 12 09:51:22] INFO  (InterdependentAgentNoEvents.java:293) - ..setting link 24 to activated = false
[Feb 12 09:51:22] INFO  (InterdependentAgentNoEvents.java:304) - ..executing flow change event at LINK 24: CURRENT -> 0.0
[Feb 12 09:51:22] INFO  (InterdependentAgentNoEvents.java:304) - ..executing flow change event at LINK 24: POWER_FLOW_FROM_REAL -> 0.0
[Feb 12 09:51:22] INFO  (InterdependentAgentNoEvents.java:304) - ..executing flow change event at LINK 24: POWER_FLOW_FROM_REACTIVE -> 0.0
[Feb 12 09:51:22] INFO  (InterdependentAgentNoEvents.java:304) - ..executing flow change event at LINK 24: POWER_FLOW_TO_REAL -> 0.0
[Feb 12 09:51:22] INFO  (InterdependentAgentNoEvents.java:304) - ..executing flow change event at LINK 24: POWER_FLOW_TO_REACTIVE -> 0.0
[Feb 12 09:51:22] DEBUG (InterdependentAgentNoEvents.java:291) - Link status same, not changed by event.
[Feb 12 09:51:22] INFO  (InterdependentAgentNoEvents.java:293) - ..setting link 26 to activated = false
[Feb 12 09:51:22] INFO  (InterdependentAgentNoEvents.java:304) - ..executing flow change event at LINK 26: CURRENT -> 0.0
[Feb 12 09:51:22] INFO  (InterdependentAgentNoEvents.java:304) - ..executing flow change event at LINK 26: POWER_FLOW_FROM_REAL -> 0.0
[Feb 12 09:51:22] INFO  (InterdependentAgentNoEvents.java:304) - ..executing flow change event at LINK 26: POWER_FLOW_FROM_REACTIVE -> 0.0
[Feb 12 09:51:22] INFO  (InterdependentAgentNoEvents.java:304) - ..executing flow change event at LINK 26: POWER_FLOW_TO_REAL -> 0.0
[Feb 12 09:51:22] INFO  (InterdependentAgentNoEvents.java:304) - ..executing flow change event at LINK 26: POWER_FLOW_TO_REACTIVE -> 0.0
[Feb 12 09:51:22] DEBUG (InterdependentAgentNoEvents.java:291) - Link status same, not changed by event.
[Feb 12 09:51:22] INFO  (InterdependentAgentNoEvents.java:293) - ..setting link 31 to activated = false
[Feb 12 09:51:22] INFO  (InterdependentAgentNoEvents.java:304) - ..executing flow change event at LINK 31: CURRENT -> 0.0
[Feb 12 09:51:22] INFO  (InterdependentAgentNoEvents.java:304) - ..executing flow change event at LINK 31: POWER_FLOW_FROM_REAL -> 0.0
[Feb 12 09:51:22] INFO  (InterdependentAgentNoEvents.java:304) - ..executing flow change event at LINK 31: POWER_FLOW_FROM_REACTIVE -> 0.0
[Feb 12 09:51:22] INFO  (InterdependentAgentNoEvents.java:304) - ..executing flow change event at LINK 31: POWER_FLOW_TO_REAL -> 0.0
[Feb 12 09:51:22] INFO  (InterdependentAgentNoEvents.java:304) - ..executing flow change event at LINK 31: POWER_FLOW_TO_REACTIVE -> 0.0
[Feb 12 09:51:22] DEBUG (InterdependentAgentNoEvents.java:291) - Link status same, not changed by event.
[Feb 12 09:51:22] INFO  (InterdependentAgentNoEvents.java:293) - ..setting link 36 to activated = false
[Feb 12 09:51:22] INFO  (InterdependentAgentNoEvents.java:304) - ..executing flow change event at LINK 36: CURRENT -> 0.0
[Feb 12 09:51:22] INFO  (InterdependentAgentNoEvents.java:304) - ..executing flow change event at LINK 36: POWER_FLOW_FROM_REAL -> 0.0
[Feb 12 09:51:22] INFO  (InterdependentAgentNoEvents.java:304) - ..executing flow change event at LINK 36: POWER_FLOW_FROM_REACTIVE -> 0.0
[Feb 12 09:51:22] INFO  (InterdependentAgentNoEvents.java:304) - ..executing flow change event at LINK 36: POWER_FLOW_TO_REAL -> 0.0
[Feb 12 09:51:22] INFO  (InterdependentAgentNoEvents.java:304) - ..executing flow change event at LINK 36: POWER_FLOW_TO_REACTIVE -> 0.0
[Feb 12 09:51:22] DEBUG (InterdependentAgentNoEvents.java:291) - Link status same, not changed by event.
[Feb 12 09:51:22] INFO  (InterdependentAgentNoEvents.java:293) - ..setting link 41 to activated = false
[Feb 12 09:51:22] INFO  (InterdependentAgentNoEvents.java:304) - ..executing flow change event at LINK 41: CURRENT -> 0.0
[Feb 12 09:51:22] INFO  (InterdependentAgentNoEvents.java:304) - ..executing flow change event at LINK 41: POWER_FLOW_FROM_REAL -> 0.0
[Feb 12 09:51:22] INFO  (InterdependentAgentNoEvents.java:304) - ..executing flow change event at LINK 41: POWER_FLOW_FROM_REACTIVE -> 0.0
[Feb 12 09:51:22] INFO  (InterdependentAgentNoEvents.java:304) - ..executing flow change event at LINK 41: POWER_FLOW_TO_REAL -> 0.0
[Feb 12 09:51:22] INFO  (InterdependentAgentNoEvents.java:304) - ..executing flow change event at LINK 41: POWER_FLOW_TO_REACTIVE -> 0.0
[Feb 12 09:51:22] DEBUG (PowerExchangeAgent.java:413) - print local_iteration 2
[Feb 12 09:51:22] INFO  (InterdependentAgentNoEvents.java:179) - 
----> Iteration 3 at peer 0 <----
[Feb 12 09:51:22] DEBUG (InterdependentAgentNoEvents.java:86) - Setting networkChanged = false
[Feb 12 09:51:22] INFO  (PowerExchangeAgent.java:421) - treating island with 1 nodes
[Feb 12 09:51:22] DEBUG (PowerExchangeAgent.java:222) - Updating non-converged island at peer 0
[Feb 12 09:51:22] INFO  (PowerExchangeAgent.java:490) - ....not enough nodes
[Feb 12 09:51:22] INFO  (PowerExchangeAgent.java:679) - size of non-converged is 1
[Feb 12 09:51:22] INFO  (PowerExchangeAgent.java:421) - treating island with 7 nodes
[Feb 12 09:51:22] DEBUG (PowerExchangeAgent.java:222) - Updating non-converged island at peer 0
[Feb 12 09:51:22] DEBUG (PowerExchangeAgent.java:232) - contains interlink
[Feb 12 09:51:22] INFO  (InterpssFlowDomainAgent.java:75) - calculating loadflow in network with Interpss
[Feb 12 09:51:22] INFO  (PowerExchangeAgent.java:513) - ....converged true
[Feb 12 09:51:22] INFO  (PowerExchangeAgent.java:633) - ....generator limit violated at node 2
[Feb 12 09:51:22] INFO  (PowerExchangeAgent.java:538) - ....no more generators
[Feb 12 09:51:22] INFO  (InterpssFlowDomainAgent.java:75) - calculating loadflow in network with Interpss
[Feb 12 09:51:22] INFO  (PowerExchangeAgent.java:513) - ....converged true
[Feb 12 09:51:22] INFO  (PowerExchangeAgent.java:633) - ....generator limit violated at node 2
[Feb 12 09:51:22] INFO  (PowerExchangeAgent.java:538) - ....no more generators
[Feb 12 09:51:22] INFO  (InterpssFlowDomainAgent.java:75) - calculating loadflow in network with Interpss
[Feb 12 09:51:22] INFO  (PowerExchangeAgent.java:513) - ....converged true
[Feb 12 09:51:22] INFO  (PowerExchangeAgent.java:633) - ....generator limit violated at node 2
[Feb 12 09:51:22] INFO  (PowerExchangeAgent.java:538) - ....no more generators
[Feb 12 09:51:22] INFO  (InterpssFlowDomainAgent.java:75) - calculating loadflow in network with Interpss
[Feb 12 09:51:22] INFO  (PowerExchangeAgent.java:513) - ....converged true
[Feb 12 09:51:22] INFO  (PowerExchangeAgent.java:635) - ....no generator limit violated
[Feb 12 09:51:22] INFO  (PowerExchangeAgent.java:748) - ..violating link 5 limit: 52.36819478255021 > 27.58371023753523
[Feb 12 09:51:22] INFO  (PowerExchangeAgent.java:748) - ..violating link 8 limit: 50.98247358748783 > 27.36318037749106
[Feb 12 09:51:22] INFO  (PowerExchangeAgent.java:748) - ..violating link 9 limit: -30.699464353605205 > 18.540062402135884
[Feb 12 09:51:22] INFO  (PowerExchangeAgent.java:759) - cascade should be minimized
[Feb 12 09:52:00] INFO  (PowerExchangeAgent.java:256) - current island node demand given by: 24.83556065145622
[Feb 12 09:52:00] INFO  (PowerExchangeAgent.java:261) - slack yes
[Feb 12 09:52:00] INFO  (PowerExchangeAgent.java:256) - current island node demand given by: 6.190247499999999
[Feb 12 09:52:00] INFO  (PowerExchangeAgent.java:256) - current island node demand given by: 0.0
[Feb 12 09:52:00] INFO  (PowerExchangeAgent.java:256) - current island node demand given by: 0.0
[Feb 12 09:52:00] INFO  (PowerExchangeAgent.java:256) - current island node demand given by: 18.570742499999994
[Feb 12 09:52:00] INFO  (PowerExchangeAgent.java:256) - current island node demand given by: 24.435187499999998
[Feb 12 09:52:00] INFO  (PowerExchangeAgent.java:256) - current island node demand given by: 0.0
[Feb 12 09:52:00] INFO  (PowerExchangeAgent.java:269) - ccr node demand given by: 24.83556065145622
[Feb 12 09:52:00] INFO  (PowerExchangeAgent.java:275) - slack yes
[Feb 12 09:52:00] INFO  (PowerExchangeAgent.java:269) - ccr node demand given by: 6.190247499999999
[Feb 12 09:52:00] INFO  (PowerExchangeAgent.java:269) - ccr node demand given by: 0.0
[Feb 12 09:52:00] INFO  (PowerExchangeAgent.java:269) - ccr node demand given by: 0.0
[Feb 12 09:52:00] INFO  (PowerExchangeAgent.java:269) - ccr node demand given by: 18.570742499999994
[Feb 12 09:52:00] INFO  (PowerExchangeAgent.java:269) - ccr node demand given by: 24.435187499999998
[Feb 12 09:52:00] INFO  (PowerExchangeAgent.java:269) - ccr node demand given by: 0.0
[Feb 12 09:52:00] INFO  (PowerExchangeAgent.java:288) - ______________________________________________________________this is crazy 74.03173815145621
[Feb 12 09:52:00] INFO  (InterpssFlowDomainAgent.java:75) - calculating loadflow in network with Interpss
[Feb 12 09:52:00] INFO  (PowerExchangeAgent.java:513) - ....converged true
[Feb 12 09:52:00] INFO  (PowerExchangeAgent.java:635) - ....no generator limit violated
[Feb 12 09:52:00] INFO  (PowerExchangeAgent.java:734) - ..violating link 5 limit: 52.36478048125392 > 27.58371023753523
[Feb 12 09:52:00] INFO  (PowerExchangeAgent.java:734) - ..violating link 8 limit: 50.97590476748134 > 27.36318037749106
[Feb 12 09:52:00] INFO  (PowerExchangeAgent.java:734) - ..violating link 9 limit: -30.693213009221772 > 18.540062402135884
[Feb 12 09:52:00] DEBUG (InterdependentAgentNoEvents.java:86) - Setting networkChanged = true
[Feb 12 09:52:00] INFO  (PowerExchangeAgent.java:334) - StateCharge is0.18968949031556498
[Feb 12 09:52:00] DEBUG (PowerExchangeAgent.java:347) - old = 24.83556065145622, new = 26.542766064296305
[Feb 12 09:52:00] DEBUG (PowerExchangeAgent.java:349) - Setting flow of interLink 1 to 1.7072054128400858
[Feb 12 09:52:00] DEBUG (InterdependentAgentNoEvents.java:86) - Setting networkChanged = true
[Feb 12 09:52:00] INFO  (InterpssFlowDomainAgent.java:75) - calculating loadflow in network with Interpss
[Feb 12 09:52:00] INFO  (PowerExchangeAgent.java:513) - ....converged true
[Feb 12 09:52:00] INFO  (PowerExchangeAgent.java:635) - ....no generator limit violated
[Feb 12 09:52:00] INFO  (PowerExchangeAgent.java:734) - ..violating link 5 limit: 52.36478048125392 > 27.58371023753523
[Feb 12 09:52:00] INFO  (PowerExchangeAgent.java:734) - ..violating link 8 limit: 50.97590476748134 > 27.36318037749106
[Feb 12 09:52:00] INFO  (PowerExchangeAgent.java:734) - ..violating link 9 limit: -30.693213009221772 > 18.540062402135884
[Feb 12 09:52:00] DEBUG (InterdependentAgentNoEvents.java:86) - Setting networkChanged = true
[Feb 12 09:52:00] INFO  (PowerExchangeAgent.java:421) - treating island with 1 nodes
[Feb 12 09:52:00] DEBUG (PowerExchangeAgent.java:222) - Updating non-converged island at peer 0
[Feb 12 09:52:00] INFO  (PowerExchangeAgent.java:490) - ....not enough nodes
[Feb 12 09:52:00] INFO  (PowerExchangeAgent.java:679) - size of non-converged is 1
[Feb 12 09:52:00] INFO  (PowerExchangeAgent.java:421) - treating island with 2 nodes
[Feb 12 09:52:00] DEBUG (PowerExchangeAgent.java:222) - Updating non-converged island at peer 0
[Feb 12 09:52:00] INFO  (PowerExchangeAgent.java:605) - ....no generator found
[Feb 12 09:52:00] INFO  (PowerExchangeAgent.java:606) - size with no generators...2
[Feb 12 09:52:00] INFO  (PowerExchangeAgent.java:679) - size of non-converged is 2
[Feb 12 09:52:00] INFO  (PowerExchangeAgent.java:421) - treating island with 2 nodes
[Feb 12 09:52:00] DEBUG (PowerExchangeAgent.java:222) - Updating non-converged island at peer 0
[Feb 12 09:52:00] INFO  (PowerExchangeAgent.java:605) - ....no generator found
[Feb 12 09:52:00] INFO  (PowerExchangeAgent.java:606) - size with no generators...2
[Feb 12 09:52:00] INFO  (PowerExchangeAgent.java:679) - size of non-converged is 2
[Feb 12 09:52:00] INFO  (PowerExchangeAgent.java:421) - treating island with 15 nodes
[Feb 12 09:52:00] DEBUG (PowerExchangeAgent.java:222) - Updating non-converged island at peer 0
[Feb 12 09:52:00] INFO  (InterpssFlowDomainAgent.java:75) - calculating loadflow in network with Interpss
[Feb 12 09:52:00] INFO  (PowerExchangeAgent.java:513) - ....converged true
[Feb 12 09:52:00] INFO  (PowerExchangeAgent.java:633) - ....generator limit violated at node 13
[Feb 12 09:52:00] INFO  (InterpssFlowDomainAgent.java:75) - calculating loadflow in network with Interpss
[Feb 12 09:52:00] INFO  (PowerExchangeAgent.java:513) - ....converged true
[Feb 12 09:52:00] INFO  (PowerExchangeAgent.java:635) - ....no generator limit violated
[Feb 12 09:52:00] INFO  (PowerExchangeAgent.java:734) - ..violating link 33 limit: -20.5658490494889 > -7.713564804751704
[Feb 12 09:52:00] INFO  (PowerExchangeAgent.java:734) - ..violating link 35 limit: -24.999982385543028 > -14.876329973946309
[Feb 12 09:52:00] DEBUG (InterdependentAgentNoEvents.java:86) - Setting networkChanged = true
[Feb 12 09:52:00] INFO  (PowerExchangeAgent.java:421) - treating island with 1 nodes
[Feb 12 09:52:00] DEBUG (PowerExchangeAgent.java:222) - Updating non-converged island at peer 0
[Feb 12 09:52:00] INFO  (PowerExchangeAgent.java:490) - ....not enough nodes
[Feb 12 09:52:00] INFO  (PowerExchangeAgent.java:679) - size of non-converged is 1
[Feb 12 09:52:00] INFO  (PowerExchangeAgent.java:421) - treating island with 1 nodes
[Feb 12 09:52:00] DEBUG (PowerExchangeAgent.java:222) - Updating non-converged island at peer 0
[Feb 12 09:52:00] INFO  (PowerExchangeAgent.java:490) - ....not enough nodes
[Feb 12 09:52:00] INFO  (PowerExchangeAgent.java:679) - size of non-converged is 1
[Feb 12 09:52:00] INFO  (SimulationAgentNew.java:397) - doing output at iteration 3
[Feb 12 09:52:00] INFO  (InterdependentAgentNoEvents.java:159) - ##### Sending status message from peer 0 to 1
[Feb 12 09:52:00] DEBUG (Peer.java:281) - Sending message, destination: 1 message: interdependent.StatusMessage(src=null)
[Feb 12 09:52:00] DEBUG (EventScheduler.java:78) - Scheduling an event: (3000.0, 19)
[Feb 12 09:52:00] DEBUG (Peer.java:30) - messageSent() call, message=interdependent.StatusMessage(src=1), remoteAddress=0
[Feb 12 09:52:00] DEBUG (Peer.java:44) - Message received: interdependent.StatusMessage(src=0) source: 0 on interface: protopeer.network.delayloss.DelayLossNetworkInterface@528c868
[Feb 12 09:52:00] INFO  (InterdependentAgentNoEvents.java:92) - 
##### Incoming message at Peer 1 from Peer 0
[Feb 12 09:52:00] INFO  (InterdependentAgentNoEvents.java:105) - ## Status Message number 1
[Feb 12 09:52:00] DEBUG (PowerExchangeAgent.java:159) - Incoming link with non-zero flow at node 2 at peer 1
[Feb 12 09:52:00] DEBUG (PowerExchangeAgent.java:161) - incoming = 1.7072054128400858
[Feb 12 09:52:00] DEBUG (InterdependentAgentNoEvents.java:86) - Setting networkChanged = true
[Feb 12 09:52:00] DEBUG (InterdependentAgentNoEvents.java:210) - Queued evend. Resetting flow of InterLink 1 to 0.0
[Feb 12 09:52:00] INFO  (InterdependentAgentNoEvents.java:130) - ## Topology was changed -> Executing events and calling runFlowAnalysis at peer 1
[Feb 12 09:52:00] INFO  (SimulationAgentNew.java:422) - executing all events at time_1
[Feb 12 09:52:00] INFO  (InterdependentAgentNoEvents.java:304) - ..executing flow change event at NODE 2: POWER_DEMAND_REAL -> -1.7072054128400858
[Feb 12 09:52:00] DEBUG (PowerExchangeAgent.java:413) - print local_iteration 1
[Feb 12 09:52:00] INFO  (InterdependentAgentNoEvents.java:179) - 
----> Iteration 3 at peer 1 <----
[Feb 12 09:52:00] DEBUG (InterdependentAgentNoEvents.java:86) - Setting networkChanged = false
[Feb 12 09:52:00] INFO  (PowerExchangeAgent.java:421) - treating island with 39 nodes
[Feb 12 09:52:00] DEBUG (PowerExchangeAgent.java:222) - Updating non-converged island at peer 1
[Feb 12 09:52:00] INFO  (InterpssFlowDomainAgent.java:75) - calculating loadflow in network with Interpss
[Feb 12 09:52:00] INFO  (PowerExchangeAgent.java:513) - ....converged true
[Feb 12 09:52:00] INFO  (PowerExchangeAgent.java:635) - ....no generator limit violated
[Feb 12 09:52:00] INFO  (PowerExchangeAgent.java:793) - ..violating node 36 limit: 1.0636 > 1.06
[Feb 12 09:52:00] INFO  (PowerExchangeAgent.java:808) - ..doing nothing to overloaded node.
[Feb 12 09:52:00] INFO  (SimulationAgentNew.java:397) - doing output at iteration 3
[Feb 12 09:52:00] INFO  (InterdependentAgentNoEvents.java:159) - ##### Sending status message from peer 1 to 0
[Feb 12 09:52:00] DEBUG (Peer.java:281) - Sending message, destination: 0 message: interdependent.StatusMessage(src=null)
[Feb 12 09:52:00] DEBUG (EventScheduler.java:78) - Scheduling an event: (3000.0, 20)
[Feb 12 09:52:00] DEBUG (Peer.java:30) - messageSent() call, message=interdependent.StatusMessage(src=0), remoteAddress=1
[Feb 12 09:52:00] DEBUG (Peer.java:44) - Message received: interdependent.StatusMessage(src=0) source: 0 on interface: protopeer.network.delayloss.DelayLossNetworkInterface@528c868
[Feb 12 09:52:00] INFO  (InterdependentAgentNoEvents.java:92) - 
##### Incoming message at Peer 1 from Peer 0
[Feb 12 09:52:00] INFO  (InterdependentAgentNoEvents.java:105) - ## Status Message number 1
[Feb 12 09:52:00] INFO  (InterdependentAgentNoEvents.java:140) - ## Topology was not changed -> Doing nothing.
[Feb 12 09:52:00] INFO  (InterdependentAgentNoEvents.java:159) - ##### Sending status message from peer 1 to 0
[Feb 12 09:52:00] DEBUG (Peer.java:281) - Sending message, destination: 0 message: interdependent.StatusMessage(src=null)
[Feb 12 09:52:00] DEBUG (EventScheduler.java:78) - Scheduling an event: (3000.0, 21)
[Feb 12 09:52:00] DEBUG (Peer.java:30) - messageSent() call, message=interdependent.StatusMessage(src=0), remoteAddress=1
[Feb 12 09:52:00] DEBUG (Peer.java:44) - Message received: interdependent.StatusMessage(src=1) source: 1 on interface: protopeer.network.delayloss.DelayLossNetworkInterface@24ba9639
[Feb 12 09:52:00] INFO  (InterdependentAgentNoEvents.java:92) - 
##### Incoming message at Peer 0 from Peer 1
[Feb 12 09:52:00] INFO  (InterdependentAgentNoEvents.java:105) - ## Status Message number 1
[Feb 12 09:52:00] INFO  (InterdependentAgentNoEvents.java:130) - ## Topology was changed -> Executing events and calling runFlowAnalysis at peer 0
[Feb 12 09:52:00] INFO  (SimulationAgentNew.java:422) - executing all events at time_1
[Feb 12 09:52:00] INFO  (InterdependentAgentNoEvents.java:293) - ..setting link 5 to activated = false
[Feb 12 09:52:00] INFO  (InterdependentAgentNoEvents.java:304) - ..executing flow change event at LINK 5: CURRENT -> 0.0
[Feb 12 09:52:00] INFO  (InterdependentAgentNoEvents.java:304) - ..executing flow change event at LINK 5: POWER_FLOW_FROM_REAL -> 0.0
[Feb 12 09:52:00] INFO  (InterdependentAgentNoEvents.java:304) - ..executing flow change event at LINK 5: POWER_FLOW_FROM_REACTIVE -> 0.0
[Feb 12 09:52:00] INFO  (InterdependentAgentNoEvents.java:304) - ..executing flow change event at LINK 5: POWER_FLOW_TO_REAL -> 0.0
[Feb 12 09:52:00] INFO  (InterdependentAgentNoEvents.java:304) - ..executing flow change event at LINK 5: POWER_FLOW_TO_REACTIVE -> 0.0
[Feb 12 09:52:00] INFO  (InterdependentAgentNoEvents.java:293) - ..setting link 8 to activated = false
[Feb 12 09:52:00] INFO  (InterdependentAgentNoEvents.java:304) - ..executing flow change event at LINK 8: CURRENT -> 0.0
[Feb 12 09:52:00] INFO  (InterdependentAgentNoEvents.java:304) - ..executing flow change event at LINK 8: POWER_FLOW_FROM_REAL -> 0.0
[Feb 12 09:52:00] INFO  (InterdependentAgentNoEvents.java:304) - ..executing flow change event at LINK 8: POWER_FLOW_FROM_REACTIVE -> 0.0
[Feb 12 09:52:00] INFO  (InterdependentAgentNoEvents.java:304) - ..executing flow change event at LINK 8: POWER_FLOW_TO_REAL -> 0.0
[Feb 12 09:52:00] INFO  (InterdependentAgentNoEvents.java:304) - ..executing flow change event at LINK 8: POWER_FLOW_TO_REACTIVE -> 0.0
[Feb 12 09:52:00] INFO  (InterdependentAgentNoEvents.java:293) - ..setting link 9 to activated = false
[Feb 12 09:52:00] INFO  (InterdependentAgentNoEvents.java:304) - ..executing flow change event at LINK 9: CURRENT -> 0.0
[Feb 12 09:52:00] INFO  (InterdependentAgentNoEvents.java:304) - ..executing flow change event at LINK 9: POWER_FLOW_FROM_REAL -> 0.0
[Feb 12 09:52:00] INFO  (InterdependentAgentNoEvents.java:304) - ..executing flow change event at LINK 9: POWER_FLOW_FROM_REACTIVE -> 0.0
[Feb 12 09:52:00] INFO  (InterdependentAgentNoEvents.java:304) - ..executing flow change event at LINK 9: POWER_FLOW_TO_REAL -> 0.0
[Feb 12 09:52:00] INFO  (InterdependentAgentNoEvents.java:304) - ..executing flow change event at LINK 9: POWER_FLOW_TO_REACTIVE -> 0.0
[Feb 12 09:52:00] INFO  (InterdependentAgentNoEvents.java:304) - ..executing flow change event at NODE 2: POWER_DEMAND_REAL -> 26.542766064296305
[Feb 12 09:52:00] DEBUG (InterdependentAgentNoEvents.java:291) - Link status same, not changed by event.
[Feb 12 09:52:00] INFO  (InterdependentAgentNoEvents.java:293) - ..setting link 5 to activated = false
[Feb 12 09:52:00] INFO  (InterdependentAgentNoEvents.java:304) - ..executing flow change event at LINK 5: CURRENT -> 0.0
[Feb 12 09:52:00] INFO  (InterdependentAgentNoEvents.java:304) - ..executing flow change event at LINK 5: POWER_FLOW_FROM_REAL -> 0.0
[Feb 12 09:52:00] INFO  (InterdependentAgentNoEvents.java:304) - ..executing flow change event at LINK 5: POWER_FLOW_FROM_REACTIVE -> 0.0
[Feb 12 09:52:00] INFO  (InterdependentAgentNoEvents.java:304) - ..executing flow change event at LINK 5: POWER_FLOW_TO_REAL -> 0.0
[Feb 12 09:52:00] INFO  (InterdependentAgentNoEvents.java:304) - ..executing flow change event at LINK 5: POWER_FLOW_TO_REACTIVE -> 0.0
[Feb 12 09:52:00] DEBUG (InterdependentAgentNoEvents.java:291) - Link status same, not changed by event.
[Feb 12 09:52:00] INFO  (InterdependentAgentNoEvents.java:293) - ..setting link 8 to activated = false
[Feb 12 09:52:00] INFO  (InterdependentAgentNoEvents.java:304) - ..executing flow change event at LINK 8: CURRENT -> 0.0
[Feb 12 09:52:00] INFO  (InterdependentAgentNoEvents.java:304) - ..executing flow change event at LINK 8: POWER_FLOW_FROM_REAL -> 0.0
[Feb 12 09:52:00] INFO  (InterdependentAgentNoEvents.java:304) - ..executing flow change event at LINK 8: POWER_FLOW_FROM_REACTIVE -> 0.0
[Feb 12 09:52:00] INFO  (InterdependentAgentNoEvents.java:304) - ..executing flow change event at LINK 8: POWER_FLOW_TO_REAL -> 0.0
[Feb 12 09:52:00] INFO  (InterdependentAgentNoEvents.java:304) - ..executing flow change event at LINK 8: POWER_FLOW_TO_REACTIVE -> 0.0
[Feb 12 09:52:00] DEBUG (InterdependentAgentNoEvents.java:291) - Link status same, not changed by event.
[Feb 12 09:52:00] INFO  (InterdependentAgentNoEvents.java:293) - ..setting link 9 to activated = false
[Feb 12 09:52:00] INFO  (InterdependentAgentNoEvents.java:304) - ..executing flow change event at LINK 9: CURRENT -> 0.0
[Feb 12 09:52:00] INFO  (InterdependentAgentNoEvents.java:304) - ..executing flow change event at LINK 9: POWER_FLOW_FROM_REAL -> 0.0
[Feb 12 09:52:00] INFO  (InterdependentAgentNoEvents.java:304) - ..executing flow change event at LINK 9: POWER_FLOW_FROM_REACTIVE -> 0.0
[Feb 12 09:52:00] INFO  (InterdependentAgentNoEvents.java:304) - ..executing flow change event at LINK 9: POWER_FLOW_TO_REAL -> 0.0
[Feb 12 09:52:00] INFO  (InterdependentAgentNoEvents.java:304) - ..executing flow change event at LINK 9: POWER_FLOW_TO_REACTIVE -> 0.0
[Feb 12 09:52:00] INFO  (InterdependentAgentNoEvents.java:293) - ..setting link 33 to activated = false
[Feb 12 09:52:00] INFO  (InterdependentAgentNoEvents.java:304) - ..executing flow change event at LINK 33: CURRENT -> 0.0
[Feb 12 09:52:00] INFO  (InterdependentAgentNoEvents.java:304) - ..executing flow change event at LINK 33: POWER_FLOW_FROM_REAL -> 0.0
[Feb 12 09:52:00] INFO  (InterdependentAgentNoEvents.java:304) - ..executing flow change event at LINK 33: POWER_FLOW_FROM_REACTIVE -> 0.0
[Feb 12 09:52:00] INFO  (InterdependentAgentNoEvents.java:304) - ..executing flow change event at LINK 33: POWER_FLOW_TO_REAL -> 0.0
[Feb 12 09:52:00] INFO  (InterdependentAgentNoEvents.java:304) - ..executing flow change event at LINK 33: POWER_FLOW_TO_REACTIVE -> 0.0
[Feb 12 09:52:00] INFO  (InterdependentAgentNoEvents.java:293) - ..setting link 35 to activated = false
[Feb 12 09:52:00] INFO  (InterdependentAgentNoEvents.java:304) - ..executing flow change event at LINK 35: CURRENT -> 0.0
[Feb 12 09:52:00] INFO  (InterdependentAgentNoEvents.java:304) - ..executing flow change event at LINK 35: POWER_FLOW_FROM_REAL -> 0.0
[Feb 12 09:52:00] INFO  (InterdependentAgentNoEvents.java:304) - ..executing flow change event at LINK 35: POWER_FLOW_FROM_REACTIVE -> 0.0
[Feb 12 09:52:00] INFO  (InterdependentAgentNoEvents.java:304) - ..executing flow change event at LINK 35: POWER_FLOW_TO_REAL -> 0.0
[Feb 12 09:52:00] INFO  (InterdependentAgentNoEvents.java:304) - ..executing flow change event at LINK 35: POWER_FLOW_TO_REACTIVE -> 0.0
[Feb 12 09:52:00] DEBUG (PowerExchangeAgent.java:413) - print local_iteration 3
[Feb 12 09:52:00] INFO  (InterdependentAgentNoEvents.java:179) - 
----> Iteration 4 at peer 0 <----
[Feb 12 09:52:00] DEBUG (InterdependentAgentNoEvents.java:86) - Setting networkChanged = false
[Feb 12 09:52:00] INFO  (PowerExchangeAgent.java:421) - treating island with 1 nodes
[Feb 12 09:52:00] DEBUG (PowerExchangeAgent.java:222) - Updating non-converged island at peer 0
[Feb 12 09:52:00] INFO  (PowerExchangeAgent.java:490) - ....not enough nodes
[Feb 12 09:52:00] INFO  (PowerExchangeAgent.java:679) - size of non-converged is 1
[Feb 12 09:52:00] INFO  (PowerExchangeAgent.java:421) - treating island with 1 nodes
[Feb 12 09:52:00] DEBUG (PowerExchangeAgent.java:222) - Updating non-converged island at peer 0
[Feb 12 09:52:00] DEBUG (PowerExchangeAgent.java:232) - contains interlink
[Feb 12 09:52:00] INFO  (PowerExchangeAgent.java:490) - ....not enough nodes
[Feb 12 09:52:00] INFO  (PowerExchangeAgent.java:334) - StateCharge is0.0
[Feb 12 09:52:00] DEBUG (PowerExchangeAgent.java:347) - old = 26.542766064296305, new = 26.542766064296305
[Feb 12 09:52:00] DEBUG (PowerExchangeAgent.java:349) - Setting flow of interLink 1 to 0.0
[Feb 12 09:52:00] INFO  (PowerExchangeAgent.java:490) - ....not enough nodes
[Feb 12 09:52:00] INFO  (PowerExchangeAgent.java:679) - size of non-converged is 1
[Feb 12 09:52:00] INFO  (PowerExchangeAgent.java:421) - treating island with 1 nodes
[Feb 12 09:52:00] DEBUG (PowerExchangeAgent.java:222) - Updating non-converged island at peer 0
[Feb 12 09:52:00] INFO  (PowerExchangeAgent.java:490) - ....not enough nodes
[Feb 12 09:52:00] INFO  (PowerExchangeAgent.java:679) - size of non-converged is 1
[Feb 12 09:52:00] INFO  (PowerExchangeAgent.java:421) - treating island with 4 nodes
[Feb 12 09:52:00] DEBUG (PowerExchangeAgent.java:222) - Updating non-converged island at peer 0
[Feb 12 09:52:00] INFO  (PowerExchangeAgent.java:605) - ....no generator found
[Feb 12 09:52:00] INFO  (PowerExchangeAgent.java:606) - size with no generators...4
[Feb 12 09:52:00] INFO  (PowerExchangeAgent.java:679) - size of non-converged is 4
[Feb 12 09:52:00] INFO  (PowerExchangeAgent.java:421) - treating island with 1 nodes
[Feb 12 09:52:00] DEBUG (PowerExchangeAgent.java:222) - Updating non-converged island at peer 0
[Feb 12 09:52:00] INFO  (PowerExchangeAgent.java:490) - ....not enough nodes
[Feb 12 09:52:00] INFO  (PowerExchangeAgent.java:679) - size of non-converged is 1
[Feb 12 09:52:00] INFO  (PowerExchangeAgent.java:421) - treating island with 1 nodes
[Feb 12 09:52:00] DEBUG (PowerExchangeAgent.java:222) - Updating non-converged island at peer 0
[Feb 12 09:52:00] INFO  (PowerExchangeAgent.java:490) - ....not enough nodes
[Feb 12 09:52:00] INFO  (PowerExchangeAgent.java:679) - size of non-converged is 1
[Feb 12 09:52:00] INFO  (PowerExchangeAgent.java:421) - treating island with 2 nodes
[Feb 12 09:52:00] DEBUG (PowerExchangeAgent.java:222) - Updating non-converged island at peer 0
[Feb 12 09:52:00] INFO  (PowerExchangeAgent.java:605) - ....no generator found
[Feb 12 09:52:00] INFO  (PowerExchangeAgent.java:606) - size with no generators...2
[Feb 12 09:52:00] INFO  (PowerExchangeAgent.java:679) - size of non-converged is 2
[Feb 12 09:52:00] INFO  (PowerExchangeAgent.java:421) - treating island with 2 nodes
[Feb 12 09:52:00] DEBUG (PowerExchangeAgent.java:222) - Updating non-converged island at peer 0
[Feb 12 09:52:00] INFO  (PowerExchangeAgent.java:605) - ....no generator found
[Feb 12 09:52:00] INFO  (PowerExchangeAgent.java:606) - size with no generators...2
[Feb 12 09:52:00] INFO  (PowerExchangeAgent.java:679) - size of non-converged is 2
[Feb 12 09:52:00] INFO  (PowerExchangeAgent.java:421) - treating island with 10 nodes
[Feb 12 09:52:00] DEBUG (PowerExchangeAgent.java:222) - Updating non-converged island at peer 0
[Feb 12 09:52:00] INFO  (InterpssFlowDomainAgent.java:75) - calculating loadflow in network with Interpss
[Feb 12 09:52:00] INFO  (PowerExchangeAgent.java:513) - ....converged true
[Feb 12 09:52:00] INFO  (PowerExchangeAgent.java:633) - ....generator limit violated at node 13
[Feb 12 09:52:00] INFO  (InterpssFlowDomainAgent.java:75) - calculating loadflow in network with Interpss
[Feb 12 09:52:00] INFO  (PowerExchangeAgent.java:513) - ....converged true
[Feb 12 09:52:00] INFO  (PowerExchangeAgent.java:635) - ....no generator limit violated
[Feb 12 09:52:00] INFO  (PowerExchangeAgent.java:421) - treating island with 1 nodes
[Feb 12 09:52:00] DEBUG (PowerExchangeAgent.java:222) - Updating non-converged island at peer 0
[Feb 12 09:52:00] INFO  (PowerExchangeAgent.java:490) - ....not enough nodes
[Feb 12 09:52:00] INFO  (PowerExchangeAgent.java:679) - size of non-converged is 1
[Feb 12 09:52:00] INFO  (PowerExchangeAgent.java:421) - treating island with 1 nodes
[Feb 12 09:52:00] DEBUG (PowerExchangeAgent.java:222) - Updating non-converged island at peer 0
[Feb 12 09:52:00] INFO  (PowerExchangeAgent.java:490) - ....not enough nodes
[Feb 12 09:52:00] INFO  (PowerExchangeAgent.java:679) - size of non-converged is 1
[Feb 12 09:52:00] INFO  (PowerExchangeAgent.java:421) - treating island with 2 nodes
[Feb 12 09:52:00] DEBUG (PowerExchangeAgent.java:222) - Updating non-converged island at peer 0
[Feb 12 09:52:00] INFO  (PowerExchangeAgent.java:605) - ....no generator found
[Feb 12 09:52:00] INFO  (PowerExchangeAgent.java:606) - size with no generators...2
[Feb 12 09:52:00] INFO  (PowerExchangeAgent.java:679) - size of non-converged is 2
[Feb 12 09:52:00] INFO  (PowerExchangeAgent.java:421) - treating island with 3 nodes
[Feb 12 09:52:00] DEBUG (PowerExchangeAgent.java:222) - Updating non-converged island at peer 0
[Feb 12 09:52:00] INFO  (InterpssFlowDomainAgent.java:75) - calculating loadflow in network with Interpss
[Feb 12 09:52:00] INFO  (PowerExchangeAgent.java:513) - ....converged true
[Feb 12 09:52:00] INFO  (PowerExchangeAgent.java:635) - ....no generator limit violated
[Feb 12 09:52:00] INFO  (SimulationAgentNew.java:397) - doing output at iteration 4
[Feb 12 09:52:00] INFO  (InterdependentAgentNoEvents.java:159) - ##### Sending status message from peer 0 to 1
[Feb 12 09:52:00] DEBUG (Peer.java:281) - Sending message, destination: 1 message: interdependent.StatusMessage(src=null)
[Feb 12 09:52:00] DEBUG (EventScheduler.java:78) - Scheduling an event: (3000.0, 22)
[Feb 12 09:52:00] DEBUG (Peer.java:30) - messageSent() call, message=interdependent.StatusMessage(src=1), remoteAddress=0
[Feb 12 09:52:00] DEBUG (Peer.java:44) - Message received: interdependent.StatusMessage(src=1) source: 1 on interface: protopeer.network.delayloss.DelayLossNetworkInterface@24ba9639
[Feb 12 09:52:00] INFO  (InterdependentAgentNoEvents.java:92) - 
##### Incoming message at Peer 0 from Peer 1
[Feb 12 09:52:00] INFO  (InterdependentAgentNoEvents.java:105) - ## Status Message number 1
[Feb 12 09:52:00] INFO  (InterdependentAgentNoEvents.java:140) - ## Topology was not changed -> Doing nothing.
[Feb 12 09:52:00] DEBUG (Peer.java:30) - messageSent() call, message=interdependent.StatusMessage(src=1), remoteAddress=0
[Feb 12 09:52:00] DEBUG (Peer.java:44) - Message received: interdependent.StatusMessage(src=0) source: 0 on interface: protopeer.network.delayloss.DelayLossNetworkInterface@528c868
[Feb 12 09:52:00] INFO  (InterdependentAgentNoEvents.java:92) - 
##### Incoming message at Peer 1 from Peer 0
[Feb 12 09:52:00] INFO  (InterdependentAgentNoEvents.java:105) - ## Status Message number 1
[Feb 12 09:52:00] INFO  (InterdependentAgentNoEvents.java:140) - ## Topology was not changed -> Doing nothing.
[Feb 12 09:52:00] DEBUG (Peer.java:30) - messageSent() call, message=interdependent.StatusMessage(src=0), remoteAddress=1
[Feb 12 09:52:00] DEBUG (MeasurementLogger.java:54) - measurement logging epochEndTimer fired: 3020.0
[Feb 12 09:52:00] DEBUG (EventScheduler.java:78) - Scheduling an event: (4020.0, 23)
[Feb 12 09:52:00] DEBUG (SimulationAgentNew.java:698) - ---> Measuring peer0
[Feb 12 09:52:00] DEBUG (MeasurementFileDumper.java:39) - Dumping an empty sublog
[Feb 12 09:52:00] DEBUG (MeasurementLogger.java:54) - measurement logging epochEndTimer fired: 3020.0
[Feb 12 09:52:00] DEBUG (EventScheduler.java:78) - Scheduling an event: (4020.0, 24)
[Feb 12 09:52:00] DEBUG (SimulationAgentNew.java:698) - ---> Measuring peer1
[Feb 12 09:52:00] DEBUG (MeasurementFileDumper.java:39) - Dumping an empty sublog
[Feb 12 09:52:00] DEBUG (MeasurementLogger.java:54) - measurement logging epochEndTimer fired: 3020.0
[Feb 12 09:52:00] DEBUG (EventScheduler.java:78) - Scheduling an event: (4020.0, 25)
[Feb 12 09:52:00] INFO  (InterdependentAgentNoEvents.java:172) - 

--------------> time_2 at peer0 <--------------
[Feb 12 09:52:00] INFO  (SimulationAgentNew.java:376) - loading data at time_2
[Feb 12 09:52:00] DEBUG (PowerExchangeAgent.java:844) - ---------------------- Updating capacity
[Feb 12 09:52:00] INFO  (InterpssFlowDomainAgent.java:75) - calculating loadflow in network with Interpss
[Feb 12 09:52:00] INFO  (SimulationAgentNew.java:422) - executing all events at time_2
[Feb 12 09:52:00] DEBUG (PowerExchangeAgent.java:413) - print local_iteration 4
[Feb 12 09:52:00] INFO  (InterdependentAgentNoEvents.java:179) - 
----> Iteration 1 at peer 0 <----
[Feb 12 09:52:00] DEBUG (InterdependentAgentNoEvents.java:86) - Setting networkChanged = false
[Feb 12 09:52:00] INFO  (PowerExchangeAgent.java:421) - treating island with 30 nodes
[Feb 12 09:52:00] DEBUG (PowerExchangeAgent.java:222) - Updating non-converged island at peer 0
[Feb 12 09:52:00] INFO  (InterpssFlowDomainAgent.java:75) - calculating loadflow in network with Interpss
[Feb 12 09:52:00] INFO  (PowerExchangeAgent.java:513) - ....converged true
[Feb 12 09:52:00] INFO  (PowerExchangeAgent.java:635) - ....no generator limit violated
[Feb 12 09:52:00] INFO  (SimulationAgentNew.java:397) - doing output at iteration 1
[Feb 12 09:52:00] INFO  (InterdependentAgentNoEvents.java:159) - ##### Sending status message from peer 0 to 1
[Feb 12 09:52:00] DEBUG (Peer.java:281) - Sending message, destination: 1 message: interdependent.StatusMessage(src=null)
[Feb 12 09:52:00] DEBUG (EventScheduler.java:78) - Scheduling an event: (4000.0, 26)
[Feb 12 09:52:00] DEBUG (EventScheduler.java:78) - Scheduling an event: (5000.0, 27)
[Feb 12 09:52:00] INFO  (InterdependentAgentNoEvents.java:172) - 

--------------> time_2 at peer1 <--------------
[Feb 12 09:52:00] INFO  (SimulationAgentNew.java:376) - loading data at time_2
[Feb 12 09:52:00] DEBUG (PowerExchangeAgent.java:844) - ---------------------- Updating capacity
[Feb 12 09:52:00] INFO  (InterpssFlowDomainAgent.java:75) - calculating loadflow in network with Interpss
[Feb 12 09:52:00] INFO  (SimulationAgentNew.java:422) - executing all events at time_2
[Feb 12 09:52:00] DEBUG (PowerExchangeAgent.java:413) - print local_iteration 2
[Feb 12 09:52:00] INFO  (InterdependentAgentNoEvents.java:179) - 
----> Iteration 1 at peer 1 <----
[Feb 12 09:52:00] DEBUG (InterdependentAgentNoEvents.java:86) - Setting networkChanged = false
[Feb 12 09:52:00] INFO  (PowerExchangeAgent.java:421) - treating island with 39 nodes
[Feb 12 09:52:00] DEBUG (PowerExchangeAgent.java:222) - Updating non-converged island at peer 1
[Feb 12 09:52:00] INFO  (InterpssFlowDomainAgent.java:75) - calculating loadflow in network with Interpss
[Feb 12 09:52:00] INFO  (PowerExchangeAgent.java:513) - ....converged true
[Feb 12 09:52:00] INFO  (PowerExchangeAgent.java:633) - ....generator limit violated at node 31
[Feb 12 09:52:00] INFO  (InterpssFlowDomainAgent.java:75) - calculating loadflow in network with Interpss
[Feb 12 09:52:00] INFO  (PowerExchangeAgent.java:513) - ....converged true
[Feb 12 09:52:00] INFO  (PowerExchangeAgent.java:635) - ....no generator limit violated
[Feb 12 09:52:00] INFO  (PowerExchangeAgent.java:793) - ..violating node 36 limit: 1.0636 > 1.06
[Feb 12 09:52:00] INFO  (PowerExchangeAgent.java:808) - ..doing nothing to overloaded node.
[Feb 12 09:52:00] INFO  (SimulationAgentNew.java:397) - doing output at iteration 1
[Feb 12 09:52:00] INFO  (InterdependentAgentNoEvents.java:159) - ##### Sending status message from peer 1 to 0
[Feb 12 09:52:00] DEBUG (Peer.java:281) - Sending message, destination: 0 message: interdependent.StatusMessage(src=null)
[Feb 12 09:52:00] DEBUG (EventScheduler.java:78) - Scheduling an event: (4000.0, 28)
[Feb 12 09:52:00] DEBUG (EventScheduler.java:78) - Scheduling an event: (5000.0, 29)
[Feb 12 09:52:00] DEBUG (Peer.java:44) - Message received: interdependent.StatusMessage(src=0) source: 0 on interface: protopeer.network.delayloss.DelayLossNetworkInterface@528c868
[Feb 12 09:52:00] INFO  (InterdependentAgentNoEvents.java:92) - 
##### Incoming message at Peer 1 from Peer 0
[Feb 12 09:52:00] INFO  (InterdependentAgentNoEvents.java:105) - ## Status Message number 1
[Feb 12 09:52:00] INFO  (InterdependentAgentNoEvents.java:140) - ## Topology was not changed -> Doing nothing.
[Feb 12 09:52:00] DEBUG (Peer.java:30) - messageSent() call, message=interdependent.StatusMessage(src=0), remoteAddress=1
[Feb 12 09:52:00] DEBUG (Peer.java:44) - Message received: interdependent.StatusMessage(src=1) source: 1 on interface: protopeer.network.delayloss.DelayLossNetworkInterface@24ba9639
[Feb 12 09:52:00] INFO  (InterdependentAgentNoEvents.java:92) - 
##### Incoming message at Peer 0 from Peer 1
[Feb 12 09:52:00] INFO  (InterdependentAgentNoEvents.java:105) - ## Status Message number 1
[Feb 12 09:52:00] INFO  (InterdependentAgentNoEvents.java:140) - ## Topology was not changed -> Doing nothing.
[Feb 12 09:52:00] DEBUG (Peer.java:30) - messageSent() call, message=interdependent.StatusMessage(src=1), remoteAddress=0
[Feb 12 09:52:00] DEBUG (MeasurementLogger.java:54) - measurement logging epochEndTimer fired: 4020.0
[Feb 12 09:52:00] DEBUG (EventScheduler.java:78) - Scheduling an event: (5020.0, 30)
[Feb 12 09:52:00] DEBUG (SimulationAgentNew.java:698) - ---> Measuring peer0
[Feb 12 09:52:00] DEBUG (MeasurementFileDumper.java:39) - Dumping an empty sublog
[Feb 12 09:52:00] DEBUG (MeasurementLogger.java:54) - measurement logging epochEndTimer fired: 4020.0
[Feb 12 09:52:00] DEBUG (EventScheduler.java:78) - Scheduling an event: (5020.0, 31)
[Feb 12 09:52:00] DEBUG (SimulationAgentNew.java:698) - ---> Measuring peer1
[Feb 12 09:52:00] DEBUG (MeasurementFileDumper.java:39) - Dumping an empty sublog
[Feb 12 09:52:00] DEBUG (MeasurementLogger.java:54) - measurement logging epochEndTimer fired: 4020.0
[Feb 12 09:52:00] DEBUG (EventScheduler.java:78) - Scheduling an event: (5020.0, 32)
[Feb 12 09:52:00] INFO  (InterdependentAgentNoEvents.java:172) - 

--------------> time_3 at peer0 <--------------
[Feb 12 09:52:00] INFO  (SimulationAgentNew.java:376) - loading data at time_3
[Feb 12 09:52:00] DEBUG (PowerExchangeAgent.java:844) - ---------------------- Updating capacity
[Feb 12 09:52:00] INFO  (InterpssFlowDomainAgent.java:75) - calculating loadflow in network with Interpss
[Feb 12 09:52:00] INFO  (SimulationAgentNew.java:422) - executing all events at time_3
[Feb 12 09:52:00] DEBUG (PowerExchangeAgent.java:413) - print local_iteration 1
[Feb 12 09:52:00] INFO  (InterdependentAgentNoEvents.java:179) - 
----> Iteration 1 at peer 0 <----
[Feb 12 09:52:00] DEBUG (InterdependentAgentNoEvents.java:86) - Setting networkChanged = false
[Feb 12 09:52:00] INFO  (PowerExchangeAgent.java:421) - treating island with 30 nodes
[Feb 12 09:52:00] DEBUG (PowerExchangeAgent.java:222) - Updating non-converged island at peer 0
[Feb 12 09:52:00] INFO  (InterpssFlowDomainAgent.java:75) - calculating loadflow in network with Interpss
[Feb 12 09:52:00] INFO  (PowerExchangeAgent.java:513) - ....converged true
[Feb 12 09:52:00] INFO  (PowerExchangeAgent.java:635) - ....no generator limit violated
[Feb 12 09:52:00] INFO  (SimulationAgentNew.java:397) - doing output at iteration 1
[Feb 12 09:52:00] INFO  (InterdependentAgentNoEvents.java:159) - ##### Sending status message from peer 0 to 1
[Feb 12 09:52:00] DEBUG (Peer.java:281) - Sending message, destination: 1 message: interdependent.StatusMessage(src=null)
[Feb 12 09:52:00] DEBUG (EventScheduler.java:78) - Scheduling an event: (5000.0, 33)
[Feb 12 09:52:00] DEBUG (EventScheduler.java:78) - Scheduling an event: (6000.0, 34)
