[Aug 12 10:58:22] DEBUG (EventScheduler.java:78) - Scheduling an event: (1020.0, 0)
[Aug 12 10:58:23] INFO  (InterpssFlowDomainAgent.java:69) - initializing Interpss backend
[Aug 12 10:58:24] DEBUG (EventScheduler.java:78) - Scheduling an event: (1020.0, 1)
[Aug 12 10:58:25] INFO  (InterpssFlowDomainAgent.java:69) - initializing Interpss backend
[Aug 12 10:58:25] DEBUG (EventScheduler.java:78) - Scheduling an event: (1020.0, 2)
[Aug 12 10:58:25] DEBUG (Peer.java:178) - Starting the peer...
[Aug 12 10:58:25] DEBUG (DelayLossNetworkInterfaceFactory.java:65) - Created network interface: 0
[Aug 12 10:58:25] DEBUG (EventScheduler.java:78) - Scheduling an event: (2000.0, 3)
[Aug 12 10:58:25] DEBUG (Peer.java:178) - Starting the peer...
[Aug 12 10:58:25] DEBUG (DelayLossNetworkInterfaceFactory.java:65) - Created network interface: 1
[Aug 12 10:58:25] DEBUG (EventScheduler.java:78) - Scheduling an event: (2000.0, 4)
[Aug 12 10:58:25] DEBUG (MeasurementLogger.java:54) - measurement logging epochEndTimer fired: 1020.0
[Aug 12 10:58:25] DEBUG (EventScheduler.java:78) - Scheduling an event: (2020.0, 5)
[Aug 12 10:58:25] DEBUG (MeasurementLogger.java:54) - measurement logging epochEndTimer fired: 1020.0
[Aug 12 10:58:25] DEBUG (EventScheduler.java:78) - Scheduling an event: (2020.0, 6)
[Aug 12 10:58:25] DEBUG (MeasurementLogger.java:54) - measurement logging epochEndTimer fired: 1020.0
[Aug 12 10:58:25] DEBUG (EventScheduler.java:78) - Scheduling an event: (2020.0, 7)
[Aug 12 10:58:25] INFO  (SimulationAgentNew.java:153) - ### experiment-03 ###
[Aug 12 10:58:25] DEBUG (SimulationAgentNew.java:321) - Loaded sfinaParameters: {BACKEND=INTERPSS, DOMAIN=POWER}
[Aug 12 10:58:25] DEBUG (SimulationAgentNew.java:325) - Loaded backendParameters: {FLOW_TYPE=AC, TOLERANCE_PARAMETER=2.0}
[Aug 12 10:58:25] DEBUG (EventLoaderNew.java:75) - Loading event: [2, system, -, -, reload, 1]
[Aug 12 10:58:25] DEBUG (EventLoaderNew.java:75) - Loading event: [2, topology, link, 9, status, 0]
[Aug 12 10:58:25] DEBUG (EventScheduler.java:78) - Scheduling an event: (3000.0, 8)
[Aug 12 10:58:25] INFO  (SimulationAgentNew.java:153) - ### experiment-03 ###
[Aug 12 10:58:25] DEBUG (SimulationAgentNew.java:321) - Loaded sfinaParameters: {BACKEND=INTERPSS, DOMAIN=POWER}
[Aug 12 10:58:25] DEBUG (SimulationAgentNew.java:325) - Loaded backendParameters: {FLOW_TYPE=AC, TOLERANCE_PARAMETER=2.0}
[Aug 12 10:58:25] DEBUG (EventLoaderNew.java:75) - Loading event: [2, system, -, -, reload, 1]
[Aug 12 10:58:25] DEBUG (EventScheduler.java:78) - Scheduling an event: (3000.0, 9)
[Aug 12 10:58:25] DEBUG (MeasurementLogger.java:54) - measurement logging epochEndTimer fired: 2020.0
[Aug 12 10:58:25] DEBUG (EventScheduler.java:78) - Scheduling an event: (3020.0, 10)
[Aug 12 10:58:25] DEBUG (SimulationAgentNew.java:698) - ---> Measuring peer0
[Aug 12 10:58:25] DEBUG (MeasurementFileDumper.java:39) - Dumping an empty sublog
[Aug 12 10:58:25] DEBUG (MeasurementLogger.java:54) - measurement logging epochEndTimer fired: 2020.0
[Aug 12 10:58:25] DEBUG (EventScheduler.java:78) - Scheduling an event: (3020.0, 11)
[Aug 12 10:58:25] DEBUG (SimulationAgentNew.java:698) - ---> Measuring peer1
[Aug 12 10:58:25] DEBUG (MeasurementFileDumper.java:39) - Dumping an empty sublog
[Aug 12 10:58:25] DEBUG (MeasurementLogger.java:54) - measurement logging epochEndTimer fired: 2020.0
[Aug 12 10:58:25] DEBUG (EventScheduler.java:78) - Scheduling an event: (3020.0, 12)
[Aug 12 10:58:25] INFO  (InterdependentAgentNoEvents.java:171) - 

--------------> time_1 at peer0 <--------------
[Aug 12 10:58:25] INFO  (SimulationAgentNew.java:376) - loading data at time_1
[Aug 12 10:58:25] INFO  (InterdependentAgentNoEvents.java:190) - loading interdependent data at time_1
[Aug 12 10:58:25] DEBUG (InterdependentNetwork.java:93) - Interdependent network: Added FlowNetwork at address 0
[Aug 12 10:58:25] DEBUG (InterdependentAgentNoEvents.java:195) - ---- Interlinks ----
          StartNode           EndNode             
Link ID   ID        Address   ID        Address   Flow      
--------------------
[Aug 12 10:58:25] INFO  (SimulationAgentNew.java:422) - executing all events at time_1
[Aug 12 10:58:25] INFO  (InterdependentAgentNoEvents.java:178) - 
----> Iteration 1 at peer 0 <----
[Aug 12 10:58:25] DEBUG (InterdependentAgentNoEvents.java:86) - Setting networkChanged = false
[Aug 12 10:58:25] INFO  (PowerExchangeAgent.java:153) - treating island with 39 nodes
[Aug 12 10:58:25] INFO  (InterpssFlowDomainAgent.java:75) - calculating loadflow in network with Interpss
[Aug 12 10:58:27] INFO  (PowerExchangeAgent.java:210) - ....converged true
[Aug 12 10:58:27] INFO  (PowerExchangeAgent.java:326) - ....generator limit violated at node 31
[Aug 12 10:58:27] INFO  (InterpssFlowDomainAgent.java:75) - calculating loadflow in network with Interpss
[Aug 12 10:58:27] INFO  (PowerExchangeAgent.java:210) - ....converged true
[Aug 12 10:58:27] INFO  (PowerExchangeAgent.java:328) - ....no generator limit violated
[Aug 12 10:58:27] INFO  (PowerExchangeAgent.java:451) - ..violating node 36 limit: 1.0636 > 1.06
[Aug 12 10:58:27] INFO  (PowerExchangeAgent.java:465) - ..doing nothing to overloaded node.
[Aug 12 10:58:27] INFO  (SimulationAgentNew.java:397) - doing output at iteration 1
[Aug 12 10:58:27] DEBUG (EventScheduler.java:78) - Scheduling an event: (4000.0, 13)
[Aug 12 10:58:27] INFO  (InterdependentAgentNoEvents.java:171) - 

--------------> time_1 at peer1 <--------------
[Aug 12 10:58:27] INFO  (SimulationAgentNew.java:376) - loading data at time_1
[Aug 12 10:58:27] INFO  (InterdependentAgentNoEvents.java:190) - loading interdependent data at time_1
[Aug 12 10:58:27] DEBUG (InterdependentNetwork.java:93) - Interdependent network: Added FlowNetwork at address 1
[Aug 12 10:58:27] DEBUG (InterdependentAgentNoEvents.java:195) - ---- Interlinks ----
          StartNode           EndNode             
Link ID   ID        Address   ID        Address   Flow      
--------------------
[Aug 12 10:58:27] INFO  (SimulationAgentNew.java:422) - executing all events at time_1
[Aug 12 10:58:27] INFO  (InterdependentAgentNoEvents.java:178) - 
----> Iteration 1 at peer 1 <----
[Aug 12 10:58:27] DEBUG (InterdependentAgentNoEvents.java:86) - Setting networkChanged = false
[Aug 12 10:58:27] INFO  (PowerExchangeAgent.java:153) - treating island with 30 nodes
[Aug 12 10:58:27] INFO  (InterpssFlowDomainAgent.java:75) - calculating loadflow in network with Interpss
[Aug 12 10:58:27] INFO  (PowerExchangeAgent.java:210) - ....converged true
[Aug 12 10:58:27] INFO  (PowerExchangeAgent.java:328) - ....no generator limit violated
[Aug 12 10:58:27] INFO  (SimulationAgentNew.java:397) - doing output at iteration 1
[Aug 12 10:58:27] DEBUG (EventScheduler.java:78) - Scheduling an event: (4000.0, 14)
[Aug 12 10:58:27] DEBUG (MeasurementLogger.java:54) - measurement logging epochEndTimer fired: 3020.0
[Aug 12 10:58:27] DEBUG (EventScheduler.java:78) - Scheduling an event: (4020.0, 15)
[Aug 12 10:58:27] DEBUG (SimulationAgentNew.java:698) - ---> Measuring peer0
[Aug 12 10:58:27] DEBUG (MeasurementFileDumper.java:39) - Dumping an empty sublog
[Aug 12 10:58:27] DEBUG (MeasurementLogger.java:54) - measurement logging epochEndTimer fired: 3020.0
[Aug 12 10:58:27] DEBUG (EventScheduler.java:78) - Scheduling an event: (4020.0, 16)
[Aug 12 10:58:27] DEBUG (SimulationAgentNew.java:698) - ---> Measuring peer1
[Aug 12 10:58:27] DEBUG (MeasurementFileDumper.java:39) - Dumping an empty sublog
[Aug 12 10:58:27] DEBUG (MeasurementLogger.java:54) - measurement logging epochEndTimer fired: 3020.0
[Aug 12 10:58:27] DEBUG (EventScheduler.java:78) - Scheduling an event: (4020.0, 17)
[Aug 12 10:58:27] INFO  (InterdependentAgentNoEvents.java:171) - 

--------------> time_2 at peer0 <--------------
[Aug 12 10:58:27] DEBUG (SimulationAgentNew.java:389) - No input data provided at time_2. Continue to use data from before.
[Aug 12 10:58:27] INFO  (SimulationAgentNew.java:422) - executing all events at time_2
[Aug 12 10:58:27] INFO  (InterdependentAgentNoEvents.java:318) - ..executing system parameter event: RELOAD
[Aug 12 10:58:27] INFO  (SimulationAgentNew.java:376) - loading data at time_1
[Aug 12 10:58:27] INFO  (InterdependentAgentNoEvents.java:190) - loading interdependent data at time_1
[Aug 12 10:58:27] DEBUG (InterdependentNetwork.java:93) - Interdependent network: Added FlowNetwork at address 0
[Aug 12 10:58:27] DEBUG (InterdependentAgentNoEvents.java:195) - ---- Interlinks ----
          StartNode           EndNode             
Link ID   ID        Address   ID        Address   Flow      
--------------------
[Aug 12 10:58:27] INFO  (InterdependentAgentNoEvents.java:292) - ..setting link 9 to activated = false
[Aug 12 10:58:27] INFO  (InterdependentAgentNoEvents.java:178) - 
----> Iteration 1 at peer 0 <----
[Aug 12 10:58:27] DEBUG (InterdependentAgentNoEvents.java:86) - Setting networkChanged = false
[Aug 12 10:58:27] INFO  (PowerExchangeAgent.java:153) - treating island with 39 nodes
[Aug 12 10:58:27] INFO  (InterpssFlowDomainAgent.java:75) - calculating loadflow in network with Interpss
[Aug 12 10:58:27] INFO  (PowerExchangeAgent.java:210) - ....converged true
[Aug 12 10:58:27] INFO  (PowerExchangeAgent.java:326) - ....generator limit violated at node 31
[Aug 12 10:58:27] INFO  (InterpssFlowDomainAgent.java:75) - calculating loadflow in network with Interpss
[Aug 12 10:58:27] INFO  (PowerExchangeAgent.java:210) - ....converged true
[Aug 12 10:58:27] INFO  (PowerExchangeAgent.java:328) - ....no generator limit violated
[Aug 12 10:58:27] INFO  (PowerExchangeAgent.java:424) - ..violating link 13 limit: -496.11913083895314 > 480.0
[Aug 12 10:58:27] INFO  (PowerExchangeAgent.java:451) - ..violating node 36 limit: 1.0636 > 1.06
[Aug 12 10:58:27] INFO  (PowerExchangeAgent.java:465) - ..doing nothing to overloaded node.
[Aug 12 10:58:27] DEBUG (InterdependentAgentNoEvents.java:86) - Setting networkChanged = true
[Aug 12 10:58:27] INFO  (SimulationAgentNew.java:397) - doing output at iteration 1
[Aug 12 10:58:27] DEBUG (EventScheduler.java:78) - Scheduling an event: (5000.0, 18)
[Aug 12 10:58:27] INFO  (InterdependentAgentNoEvents.java:171) - 

--------------> time_2 at peer1 <--------------
[Aug 12 10:58:27] DEBUG (SimulationAgentNew.java:389) - No input data provided at time_2. Continue to use data from before.
[Aug 12 10:58:27] INFO  (SimulationAgentNew.java:422) - executing all events at time_2
[Aug 12 10:58:27] INFO  (InterdependentAgentNoEvents.java:318) - ..executing system parameter event: RELOAD
[Aug 12 10:58:27] INFO  (SimulationAgentNew.java:376) - loading data at time_1
[Aug 12 10:58:27] INFO  (InterdependentAgentNoEvents.java:190) - loading interdependent data at time_1
[Aug 12 10:58:27] DEBUG (InterdependentNetwork.java:93) - Interdependent network: Added FlowNetwork at address 1
[Aug 12 10:58:27] DEBUG (InterdependentAgentNoEvents.java:195) - ---- Interlinks ----
          StartNode           EndNode             
Link ID   ID        Address   ID        Address   Flow      
--------------------
[Aug 12 10:58:27] INFO  (InterdependentAgentNoEvents.java:178) - 
----> Iteration 1 at peer 1 <----
[Aug 12 10:58:27] DEBUG (InterdependentAgentNoEvents.java:86) - Setting networkChanged = false
[Aug 12 10:58:27] INFO  (PowerExchangeAgent.java:153) - treating island with 30 nodes
[Aug 12 10:58:27] INFO  (InterpssFlowDomainAgent.java:75) - calculating loadflow in network with Interpss
[Aug 12 10:58:27] INFO  (PowerExchangeAgent.java:210) - ....converged true
[Aug 12 10:58:27] INFO  (PowerExchangeAgent.java:328) - ....no generator limit violated
[Aug 12 10:58:27] INFO  (SimulationAgentNew.java:397) - doing output at iteration 1
[Aug 12 10:58:27] DEBUG (EventScheduler.java:78) - Scheduling an event: (5000.0, 19)
[Aug 12 10:58:27] DEBUG (MeasurementLogger.java:54) - measurement logging epochEndTimer fired: 4020.0
[Aug 12 10:58:27] DEBUG (EventScheduler.java:78) - Scheduling an event: (5020.0, 20)
[Aug 12 10:58:27] DEBUG (SimulationAgentNew.java:698) - ---> Measuring peer0
[Aug 12 10:58:27] DEBUG (MeasurementFileDumper.java:39) - Dumping an empty sublog
[Aug 12 10:58:27] DEBUG (MeasurementLogger.java:54) - measurement logging epochEndTimer fired: 4020.0
[Aug 12 10:58:27] DEBUG (EventScheduler.java:78) - Scheduling an event: (5020.0, 21)
[Aug 12 10:58:27] DEBUG (SimulationAgentNew.java:698) - ---> Measuring peer1
[Aug 12 10:58:27] DEBUG (MeasurementFileDumper.java:39) - Dumping an empty sublog
[Aug 12 10:58:27] DEBUG (MeasurementLogger.java:54) - measurement logging epochEndTimer fired: 4020.0
[Aug 12 10:58:27] DEBUG (EventScheduler.java:78) - Scheduling an event: (5020.0, 22)
[Aug 12 10:58:27] INFO  (InterdependentAgentNoEvents.java:171) - 

--------------> time_3 at peer0 <--------------
[Aug 12 10:58:27] DEBUG (SimulationAgentNew.java:389) - No input data provided at time_3. Continue to use data from before.
[Aug 12 10:58:27] INFO  (SimulationAgentNew.java:422) - executing all events at time_3
[Aug 12 10:58:27] INFO  (InterdependentAgentNoEvents.java:178) - 
----> Iteration 1 at peer 0 <----
[Aug 12 10:58:27] DEBUG (InterdependentAgentNoEvents.java:86) - Setting networkChanged = false
[Aug 12 10:58:27] INFO  (PowerExchangeAgent.java:153) - treating island with 39 nodes
[Aug 12 10:58:27] INFO  (InterpssFlowDomainAgent.java:75) - calculating loadflow in network with Interpss
[Aug 12 10:58:27] INFO  (PowerExchangeAgent.java:210) - ....converged true
[Aug 12 10:58:27] INFO  (PowerExchangeAgent.java:328) - ....no generator limit violated
[Aug 12 10:58:27] INFO  (PowerExchangeAgent.java:424) - ..violating link 13 limit: -496.11913083895314 > 480.0
[Aug 12 10:58:27] INFO  (PowerExchangeAgent.java:451) - ..violating node 36 limit: 1.0636 > 1.06
[Aug 12 10:58:27] INFO  (PowerExchangeAgent.java:465) - ..doing nothing to overloaded node.
[Aug 12 10:58:27] DEBUG (InterdependentAgentNoEvents.java:86) - Setting networkChanged = true
[Aug 12 10:58:27] INFO  (SimulationAgentNew.java:397) - doing output at iteration 1
[Aug 12 10:58:27] DEBUG (EventScheduler.java:78) - Scheduling an event: (6000.0, 23)
[Aug 12 10:58:27] INFO  (InterdependentAgentNoEvents.java:171) - 

--------------> time_3 at peer1 <--------------
[Aug 12 10:58:27] DEBUG (SimulationAgentNew.java:389) - No input data provided at time_3. Continue to use data from before.
[Aug 12 10:58:27] INFO  (SimulationAgentNew.java:422) - executing all events at time_3
[Aug 12 10:58:27] INFO  (InterdependentAgentNoEvents.java:178) - 
----> Iteration 1 at peer 1 <----
[Aug 12 10:58:27] DEBUG (InterdependentAgentNoEvents.java:86) - Setting networkChanged = false
[Aug 12 10:58:27] INFO  (PowerExchangeAgent.java:153) - treating island with 30 nodes
[Aug 12 10:58:27] INFO  (InterpssFlowDomainAgent.java:75) - calculating loadflow in network with Interpss
[Aug 12 10:58:27] INFO  (PowerExchangeAgent.java:210) - ....converged true
[Aug 12 10:58:27] INFO  (PowerExchangeAgent.java:328) - ....no generator limit violated
[Aug 12 10:58:27] INFO  (SimulationAgentNew.java:397) - doing output at iteration 1
[Aug 12 10:58:27] DEBUG (EventScheduler.java:78) - Scheduling an event: (6000.0, 24)
[Aug 12 10:58:27] DEBUG (MeasurementLogger.java:54) - measurement logging epochEndTimer fired: 5020.0
[Aug 12 10:58:27] DEBUG (EventScheduler.java:78) - Scheduling an event: (6020.0, 25)
[Aug 12 10:58:27] DEBUG (SimulationAgentNew.java:698) - ---> Measuring peer0
[Aug 12 10:58:27] DEBUG (MeasurementFileDumper.java:39) - Dumping an empty sublog
[Aug 12 10:58:27] DEBUG (MeasurementLogger.java:54) - measurement logging epochEndTimer fired: 5020.0
[Aug 12 10:58:27] DEBUG (EventScheduler.java:78) - Scheduling an event: (6020.0, 26)
[Aug 12 10:58:27] DEBUG (SimulationAgentNew.java:698) - ---> Measuring peer1
[Aug 12 10:58:27] DEBUG (MeasurementFileDumper.java:39) - Dumping an empty sublog
[Aug 12 10:58:27] DEBUG (MeasurementLogger.java:54) - measurement logging epochEndTimer fired: 5020.0
[Aug 12 10:58:27] DEBUG (EventScheduler.java:78) - Scheduling an event: (6020.0, 27)
[Aug 12 10:58:27] INFO  (InterdependentAgentNoEvents.java:171) - 

--------------> time_4 at peer0 <--------------
[Aug 12 10:58:27] DEBUG (SimulationAgentNew.java:389) - No input data provided at time_4. Continue to use data from before.
[Aug 12 10:58:27] INFO  (SimulationAgentNew.java:422) - executing all events at time_4
[Aug 12 10:58:27] INFO  (InterdependentAgentNoEvents.java:178) - 
----> Iteration 1 at peer 0 <----
[Aug 12 10:58:27] DEBUG (InterdependentAgentNoEvents.java:86) - Setting networkChanged = false
[Aug 12 10:58:27] INFO  (PowerExchangeAgent.java:153) - treating island with 39 nodes
[Aug 12 10:58:27] INFO  (InterpssFlowDomainAgent.java:75) - calculating loadflow in network with Interpss
[Aug 12 10:58:27] INFO  (PowerExchangeAgent.java:210) - ....converged true
[Aug 12 10:58:27] INFO  (PowerExchangeAgent.java:328) - ....no generator limit violated
[Aug 12 10:58:27] INFO  (PowerExchangeAgent.java:424) - ..violating link 13 limit: -496.11913083895314 > 480.0
[Aug 12 10:58:27] INFO  (PowerExchangeAgent.java:451) - ..violating node 36 limit: 1.0636 > 1.06
[Aug 12 10:58:27] INFO  (PowerExchangeAgent.java:465) - ..doing nothing to overloaded node.
[Aug 12 10:58:27] DEBUG (InterdependentAgentNoEvents.java:86) - Setting networkChanged = true
[Aug 12 10:58:27] INFO  (SimulationAgentNew.java:397) - doing output at iteration 1
[Aug 12 10:58:27] DEBUG (EventScheduler.java:78) - Scheduling an event: (7000.0, 28)
[Aug 12 10:58:27] INFO  (InterdependentAgentNoEvents.java:171) - 

--------------> time_4 at peer1 <--------------
[Aug 12 10:58:27] DEBUG (SimulationAgentNew.java:389) - No input data provided at time_4. Continue to use data from before.
[Aug 12 10:58:27] INFO  (SimulationAgentNew.java:422) - executing all events at time_4
[Aug 12 10:58:27] INFO  (InterdependentAgentNoEvents.java:178) - 
----> Iteration 1 at peer 1 <----
[Aug 12 10:58:27] DEBUG (InterdependentAgentNoEvents.java:86) - Setting networkChanged = false
[Aug 12 10:58:27] INFO  (PowerExchangeAgent.java:153) - treating island with 30 nodes
[Aug 12 10:58:27] INFO  (InterpssFlowDomainAgent.java:75) - calculating loadflow in network with Interpss
[Aug 12 10:58:27] INFO  (PowerExchangeAgent.java:210) - ....converged true
[Aug 12 10:58:27] INFO  (PowerExchangeAgent.java:328) - ....no generator limit violated
[Aug 12 10:58:27] INFO  (SimulationAgentNew.java:397) - doing output at iteration 1
[Aug 12 10:58:27] DEBUG (EventScheduler.java:78) - Scheduling an event: (7000.0, 29)
[Aug 12 10:58:27] DEBUG (MeasurementLogger.java:54) - measurement logging epochEndTimer fired: 6020.0
[Aug 12 10:58:27] DEBUG (EventScheduler.java:78) - Scheduling an event: (7020.0, 30)
[Aug 12 10:58:27] DEBUG (SimulationAgentNew.java:698) - ---> Measuring peer0
[Aug 12 10:58:27] DEBUG (MeasurementFileDumper.java:39) - Dumping an empty sublog
[Aug 12 10:58:27] DEBUG (MeasurementLogger.java:54) - measurement logging epochEndTimer fired: 6020.0
[Aug 12 10:58:27] DEBUG (EventScheduler.java:78) - Scheduling an event: (7020.0, 31)
[Aug 12 10:58:27] DEBUG (SimulationAgentNew.java:698) - ---> Measuring peer1
[Aug 12 10:58:27] DEBUG (MeasurementFileDumper.java:39) - Dumping an empty sublog
[Aug 12 10:58:27] DEBUG (MeasurementLogger.java:54) - measurement logging epochEndTimer fired: 6020.0
[Aug 12 10:58:27] DEBUG (EventScheduler.java:78) - Scheduling an event: (7020.0, 32)
[Aug 12 10:58:27] INFO  (InterdependentAgentNoEvents.java:171) - 

--------------> time_5 at peer0 <--------------
[Aug 12 10:58:27] DEBUG (SimulationAgentNew.java:389) - No input data provided at time_5. Continue to use data from before.
[Aug 12 10:58:27] INFO  (SimulationAgentNew.java:422) - executing all events at time_5
[Aug 12 10:58:27] INFO  (InterdependentAgentNoEvents.java:178) - 
----> Iteration 1 at peer 0 <----
[Aug 12 10:58:27] DEBUG (InterdependentAgentNoEvents.java:86) - Setting networkChanged = false
[Aug 12 10:58:27] INFO  (PowerExchangeAgent.java:153) - treating island with 39 nodes
[Aug 12 10:58:27] INFO  (InterpssFlowDomainAgent.java:75) - calculating loadflow in network with Interpss
[Aug 12 10:58:27] INFO  (PowerExchangeAgent.java:210) - ....converged true
[Aug 12 10:58:27] INFO  (PowerExchangeAgent.java:328) - ....no generator limit violated
[Aug 12 10:58:27] INFO  (PowerExchangeAgent.java:424) - ..violating link 13 limit: -496.11913083895314 > 480.0
[Aug 12 10:58:27] INFO  (PowerExchangeAgent.java:451) - ..violating node 36 limit: 1.0636 > 1.06
[Aug 12 10:58:27] INFO  (PowerExchangeAgent.java:465) - ..doing nothing to overloaded node.
[Aug 12 10:58:27] DEBUG (InterdependentAgentNoEvents.java:86) - Setting networkChanged = true
[Aug 12 10:58:27] INFO  (SimulationAgentNew.java:397) - doing output at iteration 1
[Aug 12 10:58:27] DEBUG (EventScheduler.java:78) - Scheduling an event: (8000.0, 33)
