initializing Interpss backend
initializing Interpss backend
### experiment-03 ###
### experiment-03 ###


--------------> time_1 at peer0 <--------------
loading data at time_1
loading interdependent data at time_1
executing all events at time_1

----> Iteration 1 at peer 0 <----
treating island with 39 nodes
calculating loadflow in network with Interpss
....converged true
....generator limit violated at node 31
calculating loadflow in network with Interpss
....converged true
....no generator limit violated
..violating node 36 limit: 1.0636 > 1.06
..doing nothing to overloaded node.
doing output at iteration 1


--------------> time_1 at peer1 <--------------
loading data at time_1
loading interdependent data at time_1
executing all events at time_1

----> Iteration 1 at peer 1 <----
treating island with 30 nodes
calculating loadflow in network with Interpss
....converged true
....no generator limit violated
doing output at iteration 1


--------------> time_2 at peer0 <--------------
executing all events at time_2
..executing system parameter event: RELOAD
loading data at time_1
loading interdependent data at time_1
..setting link 9 to activated = false

----> Iteration 1 at peer 0 <----
treating island with 39 nodes
calculating loadflow in network with Interpss
....converged true
....generator limit violated at node 31
calculating loadflow in network with Interpss
....converged true
....no generator limit violated
..violating link 13 limit: -496.11913083895314 > 480.0
..violating node 36 limit: 1.0636 > 1.06
..doing nothing to overloaded node.
doing output at iteration 1


--------------> time_2 at peer1 <--------------
executing all events at time_2
..executing system parameter event: RELOAD
loading data at time_1
loading interdependent data at time_1

----> Iteration 1 at peer 1 <----
treating island with 30 nodes
calculating loadflow in network with Interpss
....converged true
....no generator limit violated
doing output at iteration 1


--------------> time_3 at peer0 <--------------
executing all events at time_3

----> Iteration 1 at peer 0 <----
treating island with 39 nodes
calculating loadflow in network with Interpss
....converged true
....no generator limit violated
..violating link 13 limit: -496.11913083895314 > 480.0
..violating node 36 limit: 1.0636 > 1.06
..doing nothing to overloaded node.
doing output at iteration 1


--------------> time_3 at peer1 <--------------
executing all events at time_3

----> Iteration 1 at peer 1 <----
treating island with 30 nodes
calculating loadflow in network with Interpss
....converged true
....no generator limit violated
doing output at iteration 1


--------------> time_4 at peer0 <--------------
executing all events at time_4

----> Iteration 1 at peer 0 <----
treating island with 39 nodes
calculating loadflow in network with Interpss
....converged true
....no generator limit violated
..violating link 13 limit: -496.11913083895314 > 480.0
..violating node 36 limit: 1.0636 > 1.06
..doing nothing to overloaded node.
doing output at iteration 1


--------------> time_4 at peer1 <--------------
executing all events at time_4

----> Iteration 1 at peer 1 <----
treating island with 30 nodes
calculating loadflow in network with Interpss
....converged true
....no generator limit violated
doing output at iteration 1


--------------> time_5 at peer0 <--------------
executing all events at time_5

----> Iteration 1 at peer 0 <----
treating island with 39 nodes
calculating loadflow in network with Interpss
....converged true
....no generator limit violated
..violating link 13 limit: -496.11913083895314 > 480.0
..violating node 36 limit: 1.0636 > 1.06
..doing nothing to overloaded node.
doing output at iteration 1
